{"/home/travis/build/npmtest/node-npmtest-styledocco/test.js":{"path":"/home/travis/build/npmtest/node-npmtest-styledocco/test.js","s":{"1":2,"2":2,"3":2,"4":2,"5":2,"6":2,"7":2,"8":1,"9":2,"10":2,"11":1,"12":1,"13":1,"14":1,"15":2,"16":2,"17":2,"18":2,"19":1,"20":1,"21":2,"22":2,"23":2,"24":1,"25":1,"26":1,"27":1,"28":1,"29":1,"30":1,"31":1,"32":1,"33":1,"34":1,"35":1,"36":1,"37":1,"38":1,"39":2,"40":2,"41":1,"42":2,"43":2,"44":1,"45":2,"46":2,"47":1,"48":2,"49":2,"50":1,"51":1,"52":1,"53":1,"54":1},"b":{"1":[2,1,1,1],"2":[1,1,1,1],"3":[1,1],"4":[1,1],"5":[1,1],"6":[1,1],"7":[1,1],"8":[1,1],"9":[1,1],"10":[1,1,1],"11":[1,1],"12":[1,1],"13":[1,1],"14":[1,1],"15":[1,1],"16":[1,1],"17":[1,1]},"f":{"1":2,"2":2,"3":2,"4":2,"5":2,"6":1,"7":1,"8":1,"9":2,"10":2,"11":2,"12":2,"13":1},"fnMap":{"1":{"name":"(anonymous_1)","line":12,"loc":{"start":{"line":12,"column":1},"end":{"line":12,"column":13}}},"2":{"name":"(anonymous_2)","line":19,"loc":{"start":{"line":19,"column":5},"end":{"line":19,"column":17}}},"3":{"name":"(anonymous_3)","line":23,"loc":{"start":{"line":23,"column":24},"end":{"line":23,"column":36}}},"4":{"name":"(anonymous_4)","line":61,"loc":{"start":{"line":61,"column":5},"end":{"line":61,"column":17}}},"5":{"name":"(anonymous_5)","line":82,"loc":{"start":{"line":82,"column":5},"end":{"line":82,"column":17}}},"6":{"name":"(anonymous_6)","line":91,"loc":{"start":{"line":91,"column":77},"end":{"line":94,"column":10}}},"7":{"name":"(anonymous_7)","line":112,"loc":{"start":{"line":112,"column":83},"end":{"line":115,"column":10}},"skip":true},"8":{"name":"(anonymous_8)","line":123,"loc":{"start":{"line":123,"column":77},"end":{"line":126,"column":10}},"skip":true},"9":{"name":"(anonymous_9)","line":139,"loc":{"start":{"line":139,"column":12},"end":{"line":139,"column":40}},"skip":true},"10":{"name":"(anonymous_10)","line":147,"loc":{"start":{"line":147,"column":77},"end":{"line":150,"column":10}},"skip":true},"11":{"name":"(anonymous_11)","line":158,"loc":{"start":{"line":158,"column":83},"end":{"line":161,"column":10}},"skip":true},"12":{"name":"(anonymous_12)","line":169,"loc":{"start":{"line":169,"column":79},"end":{"line":172,"column":10}},"skip":true},"13":{"name":"(anonymous_13)","line":180,"loc":{"start":{"line":180,"column":75},"end":{"line":183,"column":10}},"skip":true}},"statementMap":{"1":{"start":{"line":12,"column":0},"end":{"line":195,"column":5}},"2":{"start":{"line":14,"column":4},"end":{"line":14,"column":14}},"3":{"start":{"line":19,"column":4},"end":{"line":56,"column":9}},"4":{"start":{"line":21,"column":8},"end":{"line":21,"column":19}},"5":{"start":{"line":23,"column":8},"end":{"line":35,"column":13}},"6":{"start":{"line":24,"column":12},"end":{"line":34,"column":13}},"7":{"start":{"line":25,"column":16},"end":{"line":28,"column":30}},"8":{"start":{"line":30,"column":16},"end":{"line":33,"column":27}},"9":{"start":{"line":37,"column":8},"end":{"line":39,"column":21}},"10":{"start":{"line":40,"column":8},"end":{"line":53,"column":9}},"11":{"start":{"line":43,"column":12},"end":{"line":46,"column":14}},"12":{"start":{"line":47,"column":12},"end":{"line":47,"column":18}},"13":{"start":{"line":50,"column":12},"end":{"line":51,"column":46}},"14":{"start":{"line":52,"column":12},"end":{"line":52,"column":18}},"15":{"start":{"line":55,"column":8},"end":{"line":55,"column":35}},"16":{"start":{"line":61,"column":4},"end":{"line":63,"column":9}},"17":{"start":{"line":62,"column":8},"end":{"line":62,"column":15}},"18":{"start":{"line":64,"column":4},"end":{"line":77,"column":5}},"19":{"start":{"line":70,"column":8},"end":{"line":70,"column":14}},"20":{"start":{"line":76,"column":8},"end":{"line":76,"column":14}},"21":{"start":{"line":82,"column":4},"end":{"line":84,"column":9}},"22":{"start":{"line":83,"column":8},"end":{"line":83,"column":15}},"23":{"start":{"line":85,"column":4},"end":{"line":194,"column":5}},"24":{"start":{"line":91,"column":8},"end":{"line":99,"column":10}},"25":{"start":{"line":98,"column":12},"end":{"line":98,"column":35}},"26":{"start":{"line":102,"column":8},"end":{"line":104,"column":63}},"27":{"start":{"line":105,"column":8},"end":{"line":105,"column":14}},"28":{"start":{"line":112,"column":8},"end":{"line":121,"column":10},"skip":true},"29":{"start":{"line":119,"column":12},"end":{"line":119,"column":55},"skip":true},"30":{"start":{"line":120,"column":12},"end":{"line":120,"column":48},"skip":true},"31":{"start":{"line":123,"column":8},"end":{"line":136,"column":10},"skip":true},"32":{"start":{"line":130,"column":12},"end":{"line":130,"column":76},"skip":true},"33":{"start":{"line":131,"column":12},"end":{"line":131,"column":73},"skip":true},"34":{"start":{"line":132,"column":12},"end":{"line":132,"column":74},"skip":true},"35":{"start":{"line":133,"column":12},"end":{"line":133,"column":79},"skip":true},"36":{"start":{"line":134,"column":12},"end":{"line":134,"column":25},"skip":true},"37":{"start":{"line":135,"column":12},"end":{"line":135,"column":45},"skip":true},"38":{"start":{"line":138,"column":8},"end":{"line":145,"column":14},"skip":true},"39":{"start":{"line":143,"column":16},"end":{"line":143,"column":29},"skip":true},"40":{"start":{"line":144,"column":16},"end":{"line":144,"column":55},"skip":true},"41":{"start":{"line":147,"column":8},"end":{"line":156,"column":10},"skip":true},"42":{"start":{"line":154,"column":12},"end":{"line":154,"column":25},"skip":true},"43":{"start":{"line":155,"column":12},"end":{"line":155,"column":45},"skip":true},"44":{"start":{"line":158,"column":8},"end":{"line":167,"column":10},"skip":true},"45":{"start":{"line":165,"column":12},"end":{"line":165,"column":25},"skip":true},"46":{"start":{"line":166,"column":12},"end":{"line":166,"column":48},"skip":true},"47":{"start":{"line":169,"column":8},"end":{"line":178,"column":10},"skip":true},"48":{"start":{"line":176,"column":12},"end":{"line":176,"column":25},"skip":true},"49":{"start":{"line":177,"column":12},"end":{"line":177,"column":46},"skip":true},"50":{"start":{"line":180,"column":8},"end":{"line":189,"column":10},"skip":true},"51":{"start":{"line":187,"column":12},"end":{"line":187,"column":94},"skip":true},"52":{"start":{"line":188,"column":12},"end":{"line":188,"column":48},"skip":true},"53":{"start":{"line":192,"column":8},"end":{"line":192,"column":35},"skip":true},"54":{"start":{"line":193,"column":8},"end":{"line":193,"column":14},"skip":true}},"branchMap":{"1":{"line":25,"type":"binary-expr","locations":[{"start":{"line":25,"column":23},"end":{"line":25,"column":62}},{"start":{"line":26,"column":20},"end":{"line":26,"column":70}},{"start":{"line":27,"column":20},"end":{"line":27,"column":71}},{"start":{"line":28,"column":20},"end":{"line":28,"column":29}}]},"2":{"line":30,"type":"binary-expr","locations":[{"start":{"line":30,"column":23},"end":{"line":30,"column":37}},{"start":{"line":31,"column":20},"end":{"line":31,"column":61}},{"start":{"line":32,"column":20},"end":{"line":32,"column":70}},{"start":{"line":33,"column":20},"end":{"line":33,"column":26}}]},"3":{"line":37,"type":"cond-expr","locations":[{"start":{"line":38,"column":14},"end":{"line":38,"column":20}},{"start":{"line":39,"column":14},"end":{"line":39,"column":20}}]},"4":{"line":40,"type":"switch","locations":[{"start":{"line":42,"column":8},"end":{"line":47,"column":18}},{"start":{"line":49,"column":8},"end":{"line":52,"column":18}}]},"5":{"line":44,"type":"binary-expr","locations":[{"start":{"line":44,"column":16},"end":{"line":44,"column":44}},{"start":{"line":44,"column":48},"end":{"line":44,"column":66}}]},"6":{"line":50,"type":"binary-expr","locations":[{"start":{"line":50,"column":21},"end":{"line":50,"column":49}},{"start":{"line":50,"column":53},"end":{"line":50,"column":72}}]},"7":{"line":64,"type":"switch","locations":[{"start":{"line":69,"column":4},"end":{"line":70,"column":14}},{"start":{"line":75,"column":4},"end":{"line":76,"column":14}}]},"8":{"line":85,"type":"switch","locations":[{"start":{"line":90,"column":4},"end":{"line":105,"column":14}},{"start":{"line":111,"column":4},"end":{"line":193,"column":14},"skip":true}]},"9":{"line":91,"type":"binary-expr","locations":[{"start":{"line":91,"column":42},"end":{"line":91,"column":73}},{"start":{"line":91,"column":77},"end":{"line":99,"column":9}}]},"10":{"line":102,"type":"binary-expr","locations":[{"start":{"line":102,"column":18},"end":{"line":102,"column":32}},{"start":{"line":103,"column":12},"end":{"line":103,"column":53}},{"start":{"line":104,"column":12},"end":{"line":104,"column":61}}]},"11":{"line":112,"type":"binary-expr","locations":[{"start":{"line":112,"column":45},"end":{"line":112,"column":79},"skip":true},{"start":{"line":112,"column":83},"end":{"line":121,"column":9},"skip":true}]},"12":{"line":123,"type":"binary-expr","locations":[{"start":{"line":123,"column":42},"end":{"line":123,"column":73},"skip":true},{"start":{"line":123,"column":77},"end":{"line":136,"column":9},"skip":true}]},"13":{"line":138,"type":"binary-expr","locations":[{"start":{"line":138,"column":48},"end":{"line":138,"column":85},"skip":true},{"start":{"line":139,"column":12},"end":{"line":145,"column":13},"skip":true}]},"14":{"line":147,"type":"binary-expr","locations":[{"start":{"line":147,"column":42},"end":{"line":147,"column":73},"skip":true},{"start":{"line":147,"column":77},"end":{"line":156,"column":9},"skip":true}]},"15":{"line":158,"type":"binary-expr","locations":[{"start":{"line":158,"column":45},"end":{"line":158,"column":79},"skip":true},{"start":{"line":158,"column":83},"end":{"line":167,"column":9},"skip":true}]},"16":{"line":169,"type":"binary-expr","locations":[{"start":{"line":169,"column":43},"end":{"line":169,"column":75},"skip":true},{"start":{"line":169,"column":79},"end":{"line":178,"column":9},"skip":true}]},"17":{"line":180,"type":"binary-expr","locations":[{"start":{"line":180,"column":41},"end":{"line":180,"column":71},"skip":true},{"start":{"line":180,"column":75},"end":{"line":189,"column":9},"skip":true}]}},"code":["/* istanbul instrument in package npmtest_styledocco */","/*jslint","    bitwise: true,","    browser: true,","    maxerr: 8,","    maxlen: 96,","    node: true,","    nomen: true,","    regexp: true,","    stupid: true","*/","(function () {","    'use strict';","    var local;","","","","    // run shared js-env code - pre-init","    (function () {","        // init local","        local = {};","        // init modeJs","        local.modeJs = (function () {","            try {","                return typeof navigator.userAgent === 'string' &&","                    typeof document.querySelector('body') === 'object' &&","                    typeof XMLHttpRequest.prototype.open === 'function' &&","                    'browser';","            } catch (errorCaughtBrowser) {","                return module.exports &&","                    typeof process.versions.node === 'string' &&","                    typeof require('http').createServer === 'function' &&","                    'node';","            }","        }());","        // init global","        local.global = local.modeJs === 'browser'","            ? window","            : global;","        switch (local.modeJs) {","        // re-init local from window.local","        case 'browser':","            local = local.global.utility2.objectSetDefault(","                local.global.utility2_rollup || local.global.local,","                local.global.utility2","            );","            break;","        // re-init local from example.js","        case 'node':","            local = (local.global.utility2_rollup || require('utility2'))","                .requireExampleJsFromReadme();","            break;","        }","        // export local","        local.global.local = local;","    }());","","","","    // run shared js-env code - function","    (function () {","        return;","    }());","    switch (local.modeJs) {","","","","    // run browser js-env code - function","    case 'browser':","        break;","","","","    // run node js-env code - function","    case 'node':","        break;","    }","","","","    // run shared js-env code - post-init","    (function () {","        return;","    }());","    switch (local.modeJs) {","","","","    // run browser js-env code - post-init","    case 'browser':","        local.testCase_browser_nullCase = local.testCase_browser_nullCase || function (","            options,","            onError","        ) {","        /*","         * this function will test browsers's null-case handling-behavior-behavior","         */","            onError(null, options);","        };","","        // run tests","        local.nop(local.modeTest &&","            document.querySelector('#testRunButton1') &&","            document.querySelector('#testRunButton1').click());","        break;","","","","    // run node js-env code - post-init","    /* istanbul ignore next */","    case 'node':","        local.testCase_buildApidoc_default = local.testCase_buildApidoc_default || function (","            options,","            onError","        ) {","        /*","         * this function will test buildApidoc's default handling-behavior-behavior","         */","            options = { modulePathList: module.paths };","            local.buildApidoc(options, onError);","        };","","        local.testCase_buildApp_default = local.testCase_buildApp_default || function (","            options,","            onError","        ) {","        /*","         * this function will test buildApp's default handling-behavior-behavior","         */","            local.testCase_buildReadme_default(options, local.onErrorThrow);","            local.testCase_buildLib_default(options, local.onErrorThrow);","            local.testCase_buildTest_default(options, local.onErrorThrow);","            local.testCase_buildCustomOrg_default(options, local.onErrorThrow);","            options = [];","            local.buildApp(options, onError);","        };","","        local.testCase_buildCustomOrg_default = local.testCase_buildCustomOrg_default ||","            function (options, onError) {","            /*","             * this function will test buildCustomOrg's default handling-behavior","             */","                options = {};","                local.buildCustomOrg(options, onError);","            };","","        local.testCase_buildLib_default = local.testCase_buildLib_default || function (","            options,","            onError","        ) {","        /*","         * this function will test buildLib's default handling-behavior","         */","            options = {};","            local.buildLib(options, onError);","        };","","        local.testCase_buildReadme_default = local.testCase_buildReadme_default || function (","            options,","            onError","        ) {","        /*","         * this function will test buildReadme's default handling-behavior-behavior","         */","            options = {};","            local.buildReadme(options, onError);","        };","","        local.testCase_buildTest_default = local.testCase_buildTest_default || function (","            options,","            onError","        ) {","        /*","         * this function will test buildTest's default handling-behavior","         */","            options = {};","            local.buildTest(options, onError);","        };","","        local.testCase_webpage_default = local.testCase_webpage_default || function (","            options,","            onError","        ) {","        /*","         * this function will test webpage's default handling-behavior","         */","            options = { modeCoverageMerge: true, url: local.serverLocalHost + '?modeTest=1' };","            local.browserTest(options, onError);","        };","","        // run test-server","        local.testRunServer(local);","        break;","    }","}());",""],"l":{"12":2,"14":2,"19":2,"21":2,"23":2,"24":2,"25":2,"30":1,"37":2,"40":2,"43":1,"47":1,"50":1,"52":1,"55":2,"61":2,"62":2,"64":2,"70":1,"76":1,"82":2,"83":2,"85":2,"91":1,"98":1,"102":1,"105":1,"112":1,"119":1,"120":1,"123":1,"130":1,"131":1,"132":1,"133":1,"134":1,"135":1,"138":1,"143":2,"144":2,"147":1,"154":2,"155":2,"158":1,"165":2,"166":2,"169":1,"176":2,"177":2,"180":1,"187":1,"188":1,"192":1,"193":1}},"/home/travis/build/npmtest/node-npmtest-styledocco/lib.npmtest_styledocco.js":{"path":"/home/travis/build/npmtest/node-npmtest-styledocco/lib.npmtest_styledocco.js","s":{"1":2,"2":2,"3":2,"4":2,"5":2,"6":2,"7":2,"8":1,"9":2,"10":2,"11":2,"12":2,"13":1,"14":1,"15":1,"16":1},"b":{"1":[2,1,1,1],"2":[1,1,1,1],"3":[1,1],"4":[2,2],"5":[1,1]},"f":{"1":2,"2":2,"3":2},"fnMap":{"1":{"name":"(anonymous_1)","line":12,"loc":{"start":{"line":12,"column":1},"end":{"line":12,"column":13}}},"2":{"name":"(anonymous_2)","line":19,"loc":{"start":{"line":19,"column":5},"end":{"line":19,"column":17}}},"3":{"name":"(anonymous_3)","line":23,"loc":{"start":{"line":23,"column":24},"end":{"line":23,"column":36}}}},"statementMap":{"1":{"start":{"line":12,"column":0},"end":{"line":53,"column":5}},"2":{"start":{"line":14,"column":4},"end":{"line":14,"column":14}},"3":{"start":{"line":19,"column":4},"end":{"line":52,"column":9}},"4":{"start":{"line":21,"column":8},"end":{"line":21,"column":19}},"5":{"start":{"line":23,"column":8},"end":{"line":35,"column":13}},"6":{"start":{"line":24,"column":12},"end":{"line":34,"column":13}},"7":{"start":{"line":25,"column":16},"end":{"line":28,"column":30}},"8":{"start":{"line":30,"column":16},"end":{"line":33,"column":27}},"9":{"start":{"line":37,"column":8},"end":{"line":39,"column":21}},"10":{"start":{"line":41,"column":8},"end":{"line":41,"column":54}},"11":{"start":{"line":43,"column":8},"end":{"line":43,"column":55}},"12":{"start":{"line":45,"column":8},"end":{"line":51,"column":9}},"13":{"start":{"line":46,"column":12},"end":{"line":46,"column":61}},"14":{"start":{"line":48,"column":12},"end":{"line":48,"column":35}},"15":{"start":{"line":49,"column":12},"end":{"line":49,"column":49}},"16":{"start":{"line":50,"column":12},"end":{"line":50,"column":43}}},"branchMap":{"1":{"line":25,"type":"binary-expr","locations":[{"start":{"line":25,"column":23},"end":{"line":25,"column":62}},{"start":{"line":26,"column":20},"end":{"line":26,"column":70}},{"start":{"line":27,"column":20},"end":{"line":27,"column":71}},{"start":{"line":28,"column":20},"end":{"line":28,"column":29}}]},"2":{"line":30,"type":"binary-expr","locations":[{"start":{"line":30,"column":23},"end":{"line":30,"column":37}},{"start":{"line":31,"column":20},"end":{"line":31,"column":61}},{"start":{"line":32,"column":20},"end":{"line":32,"column":70}},{"start":{"line":33,"column":20},"end":{"line":33,"column":26}}]},"3":{"line":37,"type":"cond-expr","locations":[{"start":{"line":38,"column":14},"end":{"line":38,"column":20}},{"start":{"line":39,"column":14},"end":{"line":39,"column":20}}]},"4":{"line":41,"type":"binary-expr","locations":[{"start":{"line":41,"column":16},"end":{"line":41,"column":44}},{"start":{"line":41,"column":48},"end":{"line":41,"column":53}}]},"5":{"line":45,"type":"if","locations":[{"start":{"line":45,"column":8},"end":{"line":45,"column":8}},{"start":{"line":45,"column":8},"end":{"line":45,"column":8}}]}},"code":["/* istanbul instrument in package npmtest_styledocco */","/*jslint","    bitwise: true,","    browser: true,","    maxerr: 8,","    maxlen: 96,","    node: true,","    nomen: true,","    regexp: true,","    stupid: true","*/","(function () {","    'use strict';","    var local;","","","","    // run shared js-env code - pre-init","    (function () {","        // init local","        local = {};","        // init modeJs","        local.modeJs = (function () {","            try {","                return typeof navigator.userAgent === 'string' &&","                    typeof document.querySelector('body') === 'object' &&","                    typeof XMLHttpRequest.prototype.open === 'function' &&","                    'browser';","            } catch (errorCaughtBrowser) {","                return module.exports &&","                    typeof process.versions.node === 'string' &&","                    typeof require('http').createServer === 'function' &&","                    'node';","            }","        }());","        // init global","        local.global = local.modeJs === 'browser'","            ? window","            : global;","        // init utility2_rollup","        local = local.global.utility2_rollup || local;","        // init lib","        local.local = local.npmtest_styledocco = local;","        // init exports","        if (local.modeJs === 'browser') {","            local.global.utility2_npmtest_styledocco = local;","        } else {","            module.exports = local;","            module.exports.__dirname = __dirname;","            module.exports.module = module;","        }","    }());","}());",""],"l":{"12":2,"14":2,"19":2,"21":2,"23":2,"24":2,"25":2,"30":1,"37":2,"41":2,"43":2,"45":2,"46":1,"48":1,"49":1,"50":1}},"/home/travis/build/npmtest/node-npmtest-styledocco/example.js":{"path":"/home/travis/build/npmtest/node-npmtest-styledocco/example.js","s":{"1":2,"2":2,"3":2,"4":2,"5":2,"6":2,"7":2,"8":1,"9":2,"10":2,"11":2,"12":2,"13":1,"14":2,"15":2,"16":2,"17":2,"18":2,"19":0,"20":2,"21":1,"22":1,"23":1,"24":1,"25":1,"26":0,"27":0,"28":1,"29":1,"30":2,"31":0,"32":0,"33":0,"34":1,"35":2,"36":2,"37":3,"38":3,"39":3,"40":3,"41":0,"42":3,"43":3,"44":3,"45":1,"46":3,"47":1,"48":1,"49":1,"50":1,"51":1,"52":1,"53":1,"54":1,"55":1,"56":1,"57":0,"58":1,"59":6,"60":6,"61":1,"62":2,"63":0,"64":2,"65":1,"66":1,"67":0,"68":0,"69":0,"70":0,"71":0,"72":0,"73":0,"74":0,"75":0,"76":0,"77":0,"78":0,"79":0,"80":0,"81":0,"82":0,"83":0},"b":{"1":[2,1,1,1],"2":[1,1,1,1],"3":[1,1],"4":[2,2],"5":[1,1],"6":[1,1],"7":[2,0],"8":[2,1,1,1,1,1],"9":[0,2,0],"10":[1,1],"11":[2,1,1],"12":[1,0],"13":[0,2],"14":[2,0,0,0,0,0,0],"15":[0,3],"16":[3,0],"17":[1,1],"18":[0,1],"19":[1,2,0,2],"20":[1,0],"21":[1,1],"22":[0,0],"23":[0,0],"24":[0,0],"25":[0,0],"26":[0,0],"27":[0,0],"28":[0,0]},"f":{"1":2,"2":2,"3":2,"4":2,"5":2,"6":2,"7":3,"8":3,"9":3,"10":1,"11":6,"12":0},"fnMap":{"1":{"name":"(anonymous_1)","line":26,"loc":{"start":{"line":26,"column":1},"end":{"line":26,"column":13}}},"2":{"name":"(anonymous_2)","line":33,"loc":{"start":{"line":33,"column":5},"end":{"line":33,"column":17}}},"3":{"name":"(anonymous_3)","line":37,"loc":{"start":{"line":37,"column":24},"end":{"line":37,"column":36}}},"4":{"name":"(anonymous_4)","line":69,"loc":{"start":{"line":69,"column":31},"end":{"line":69,"column":48}},"skip":true},"5":{"name":"(anonymous_5)","line":78,"loc":{"start":{"line":78,"column":26},"end":{"line":78,"column":45}},"skip":true},"6":{"name":"(anonymous_6)","line":123,"loc":{"start":{"line":123,"column":33},"end":{"line":123,"column":48}},"skip":true},"7":{"name":"(anonymous_7)","line":125,"loc":{"start":{"line":125,"column":27},"end":{"line":125,"column":39}},"skip":true},"8":{"name":"(anonymous_8)","line":133,"loc":{"start":{"line":133,"column":59},"end":{"line":133,"column":74}},"skip":true},"9":{"name":"(anonymous_9)","line":143,"loc":{"start":{"line":143,"column":45},"end":{"line":143,"column":62}},"skip":true},"10":{"name":"(anonymous_10)","line":144,"loc":{"start":{"line":144,"column":73},"end":{"line":144,"column":92}},"skip":true},"11":{"name":"(anonymous_11)","line":272,"loc":{"start":{"line":272,"column":51},"end":{"line":272,"column":77}},"skip":true},"12":{"name":"(anonymous_12)","line":315,"loc":{"start":{"line":315,"column":32},"end":{"line":315,"column":61}},"skip":true}},"statementMap":{"1":{"start":{"line":26,"column":0},"end":{"line":326,"column":5}},"2":{"start":{"line":28,"column":4},"end":{"line":28,"column":14}},"3":{"start":{"line":33,"column":4},"end":{"line":60,"column":9}},"4":{"start":{"line":35,"column":8},"end":{"line":35,"column":19}},"5":{"start":{"line":37,"column":8},"end":{"line":49,"column":13}},"6":{"start":{"line":38,"column":12},"end":{"line":48,"column":13}},"7":{"start":{"line":39,"column":16},"end":{"line":42,"column":30}},"8":{"start":{"line":44,"column":16},"end":{"line":47,"column":27}},"9":{"start":{"line":51,"column":8},"end":{"line":53,"column":21}},"10":{"start":{"line":55,"column":8},"end":{"line":57,"column":45}},"11":{"start":{"line":59,"column":8},"end":{"line":59,"column":35}},"12":{"start":{"line":61,"column":4},"end":{"line":325,"column":5}},"13":{"start":{"line":69,"column":8},"end":{"line":121,"column":10},"skip":true},"14":{"start":{"line":70,"column":12},"end":{"line":88,"column":13},"skip":true},"15":{"start":{"line":76,"column":16},"end":{"line":87,"column":19},"skip":true},"16":{"start":{"line":79,"column":20},"end":{"line":86,"column":21},"skip":true},"17":{"start":{"line":82,"column":24},"end":{"line":82,"column":43},"skip":true},"18":{"start":{"line":83,"column":24},"end":{"line":83,"column":30},"skip":true},"19":{"start":{"line":85,"column":24},"end":{"line":85,"column":49},"skip":true},"20":{"start":{"line":89,"column":12},"end":{"line":107,"column":13},"skip":true},"21":{"start":{"line":92,"column":16},"end":{"line":102,"column":17},"skip":true},"22":{"start":{"line":93,"column":20},"end":{"line":93,"column":86},"skip":true},"23":{"start":{"line":94,"column":20},"end":{"line":95,"column":45},"skip":true},"24":{"start":{"line":96,"column":20},"end":{"line":96,"column":42},"skip":true},"25":{"start":{"line":97,"column":20},"end":{"line":97,"column":48},"skip":true},"26":{"start":{"line":100,"column":20},"end":{"line":100,"column":85},"skip":true},"27":{"start":{"line":101,"column":20},"end":{"line":101,"column":96},"skip":true},"28":{"start":{"line":103,"column":16},"end":{"line":103,"column":22},"skip":true},"29":{"start":{"line":106,"column":16},"end":{"line":106,"column":22},"skip":true},"30":{"start":{"line":108,"column":12},"end":{"line":120,"column":13},"skip":true},"31":{"start":{"line":114,"column":16},"end":{"line":119,"column":17},"skip":true},"32":{"start":{"line":116,"column":20},"end":{"line":116,"column":78},"skip":true},"33":{"start":{"line":118,"column":20},"end":{"line":118,"column":47},"skip":true},"34":{"start":{"line":123,"column":8},"end":{"line":141,"column":11},"skip":true},"35":{"start":{"line":124,"column":12},"end":{"line":124,"column":54},"skip":true},"36":{"start":{"line":125,"column":12},"end":{"line":140,"column":14},"skip":true},"37":{"start":{"line":126,"column":16},"end":{"line":126,"column":28},"skip":true},"38":{"start":{"line":127,"column":16},"end":{"line":127,"column":69},"skip":true},"39":{"start":{"line":128,"column":16},"end":{"line":128,"column":75},"skip":true},"40":{"start":{"line":129,"column":16},"end":{"line":131,"column":17},"skip":true},"41":{"start":{"line":130,"column":20},"end":{"line":130,"column":27},"skip":true},"42":{"start":{"line":133,"column":16},"end":{"line":137,"column":36},"skip":true},"43":{"start":{"line":134,"column":20},"end":{"line":136,"column":55},"skip":true},"44":{"start":{"line":139,"column":16},"end":{"line":139,"column":57},"skip":true},"45":{"start":{"line":143,"column":8},"end":{"line":147,"column":11},"skip":true},"46":{"start":{"line":144,"column":12},"end":{"line":146,"column":15},"skip":true},"47":{"start":{"line":145,"column":16},"end":{"line":145,"column":70},"skip":true},"48":{"start":{"line":149,"column":8},"end":{"line":149,"column":31},"skip":true},"49":{"start":{"line":150,"column":8},"end":{"line":150,"column":14},"skip":true},"50":{"start":{"line":158,"column":8},"end":{"line":158,"column":31},"skip":true},"51":{"start":{"line":160,"column":8},"end":{"line":160,"column":33},"skip":true},"52":{"start":{"line":161,"column":8},"end":{"line":161,"column":37},"skip":true},"53":{"start":{"line":162,"column":8},"end":{"line":162,"column":35},"skip":true},"54":{"start":{"line":164,"column":8},"end":{"line":164,"column":50},"skip":true},"55":{"start":{"line":166,"column":8},"end":{"line":256,"column":2},"skip":true},"56":{"start":{"line":258,"column":8},"end":{"line":286,"column":9},"skip":true},"57":{"start":{"line":259,"column":12},"end":{"line":269,"column":14},"skip":true},"58":{"start":{"line":271,"column":12},"end":{"line":285,"column":19},"skip":true},"59":{"start":{"line":274,"column":20},"end":{"line":274,"column":35},"skip":true},"60":{"start":{"line":275,"column":20},"end":{"line":284,"column":21},"skip":true},"61":{"start":{"line":277,"column":24},"end":{"line":277,"column":64},"skip":true},"62":{"start":{"line":279,"column":24},"end":{"line":279,"column":40},"skip":true},"63":{"start":{"line":281,"column":24},"end":{"line":281,"column":40},"skip":true},"64":{"start":{"line":283,"column":24},"end":{"line":283,"column":39},"skip":true},"65":{"start":{"line":288,"column":8},"end":{"line":290,"column":9},"skip":true},"66":{"start":{"line":289,"column":12},"end":{"line":289,"column":18},"skip":true},"67":{"start":{"line":291,"column":8},"end":{"line":293,"column":54},"skip":true},"68":{"start":{"line":296,"column":8},"end":{"line":301,"column":37},"skip":true},"69":{"start":{"line":303,"column":8},"end":{"line":303,"column":82},"skip":true},"70":{"start":{"line":306,"column":8},"end":{"line":308,"column":9},"skip":true},"71":{"start":{"line":307,"column":12},"end":{"line":307,"column":82},"skip":true},"72":{"start":{"line":310,"column":8},"end":{"line":312,"column":9},"skip":true},"73":{"start":{"line":311,"column":12},"end":{"line":311,"column":18},"skip":true},"74":{"start":{"line":313,"column":8},"end":{"line":313,"column":54},"skip":true},"75":{"start":{"line":314,"column":8},"end":{"line":314,"column":69},"skip":true},"76":{"start":{"line":315,"column":8},"end":{"line":323,"column":36},"skip":true},"77":{"start":{"line":316,"column":12},"end":{"line":316,"column":61},"skip":true},"78":{"start":{"line":317,"column":12},"end":{"line":320,"column":13},"skip":true},"79":{"start":{"line":318,"column":16},"end":{"line":318,"column":75},"skip":true},"80":{"start":{"line":319,"column":16},"end":{"line":319,"column":23},"skip":true},"81":{"start":{"line":321,"column":12},"end":{"line":321,"column":38},"skip":true},"82":{"start":{"line":322,"column":12},"end":{"line":322,"column":27},"skip":true},"83":{"start":{"line":324,"column":8},"end":{"line":324,"column":14},"skip":true}},"branchMap":{"1":{"line":39,"type":"binary-expr","locations":[{"start":{"line":39,"column":23},"end":{"line":39,"column":62}},{"start":{"line":40,"column":20},"end":{"line":40,"column":70}},{"start":{"line":41,"column":20},"end":{"line":41,"column":71}},{"start":{"line":42,"column":20},"end":{"line":42,"column":29}}]},"2":{"line":44,"type":"binary-expr","locations":[{"start":{"line":44,"column":23},"end":{"line":44,"column":37}},{"start":{"line":45,"column":20},"end":{"line":45,"column":61}},{"start":{"line":46,"column":20},"end":{"line":46,"column":70}},{"start":{"line":47,"column":20},"end":{"line":47,"column":26}}]},"3":{"line":51,"type":"cond-expr","locations":[{"start":{"line":52,"column":14},"end":{"line":52,"column":20}},{"start":{"line":53,"column":14},"end":{"line":53,"column":20}}]},"4":{"line":55,"type":"binary-expr","locations":[{"start":{"line":55,"column":16},"end":{"line":55,"column":44}},{"start":{"line":55,"column":49},"end":{"line":57,"column":43}}]},"5":{"line":55,"type":"cond-expr","locations":[{"start":{"line":56,"column":14},"end":{"line":56,"column":54}},{"start":{"line":57,"column":14},"end":{"line":57,"column":43}}]},"6":{"line":61,"type":"switch","locations":[{"start":{"line":68,"column":4},"end":{"line":150,"column":14},"skip":true},{"start":{"line":156,"column":4},"end":{"line":324,"column":14},"skip":true}]},"7":{"line":70,"type":"if","locations":[{"start":{"line":70,"column":12},"end":{"line":70,"column":12},"skip":true},{"start":{"line":70,"column":12},"end":{"line":70,"column":12},"skip":true}]},"8":{"line":70,"type":"binary-expr","locations":[{"start":{"line":70,"column":16},"end":{"line":70,"column":22},"skip":true},{"start":{"line":70,"column":27},"end":{"line":70,"column":32},"skip":true},{"start":{"line":71,"column":20},"end":{"line":71,"column":39},"skip":true},{"start":{"line":72,"column":20},"end":{"line":72,"column":49},"skip":true},{"start":{"line":73,"column":20},"end":{"line":73,"column":58},"skip":true},{"start":{"line":74,"column":20},"end":{"line":74,"column":69},"skip":true}]},"9":{"line":79,"type":"switch","locations":[{"start":{"line":80,"column":20},"end":{"line":80,"column":33},"skip":true},{"start":{"line":81,"column":20},"end":{"line":83,"column":30},"skip":true},{"start":{"line":84,"column":20},"end":{"line":85,"column":49},"skip":true}]},"10":{"line":89,"type":"switch","locations":[{"start":{"line":90,"column":12},"end":{"line":103,"column":22},"skip":true},{"start":{"line":105,"column":12},"end":{"line":106,"column":22},"skip":true}]},"11":{"line":89,"type":"binary-expr","locations":[{"start":{"line":89,"column":20},"end":{"line":89,"column":25},"skip":true},{"start":{"line":89,"column":29},"end":{"line":89,"column":48},"skip":true},{"start":{"line":89,"column":52},"end":{"line":89,"column":74},"skip":true}]},"12":{"line":92,"type":"if","locations":[{"start":{"line":92,"column":16},"end":{"line":92,"column":16},"skip":true},{"start":{"line":92,"column":16},"end":{"line":92,"column":16},"skip":true}]},"13":{"line":108,"type":"if","locations":[{"start":{"line":108,"column":12},"end":{"line":108,"column":12},"skip":true},{"start":{"line":108,"column":12},"end":{"line":108,"column":12},"skip":true}]},"14":{"line":108,"type":"binary-expr","locations":[{"start":{"line":108,"column":16},"end":{"line":108,"column":61},"skip":true},{"start":{"line":108,"column":66},"end":{"line":108,"column":72},"skip":true},{"start":{"line":108,"column":77},"end":{"line":108,"column":82},"skip":true},{"start":{"line":109,"column":20},"end":{"line":109,"column":39},"skip":true},{"start":{"line":110,"column":20},"end":{"line":110,"column":49},"skip":true},{"start":{"line":111,"column":20},"end":{"line":111,"column":58},"skip":true},{"start":{"line":112,"column":20},"end":{"line":112,"column":68},"skip":true}]},"15":{"line":129,"type":"if","locations":[{"start":{"line":129,"column":16},"end":{"line":129,"column":16},"skip":true},{"start":{"line":129,"column":16},"end":{"line":129,"column":16},"skip":true}]},"16":{"line":134,"type":"cond-expr","locations":[{"start":{"line":135,"column":26},"end":{"line":135,"column":29},"skip":true},{"start":{"line":136,"column":26},"end":{"line":136,"column":54},"skip":true}]},"17":{"line":164,"type":"binary-expr","locations":[{"start":{"line":164,"column":27},"end":{"line":164,"column":43},"skip":true},{"start":{"line":164,"column":47},"end":{"line":164,"column":49},"skip":true}]},"18":{"line":258,"type":"if","locations":[{"start":{"line":258,"column":8},"end":{"line":258,"column":8},"skip":true},{"start":{"line":258,"column":8},"end":{"line":258,"column":8},"skip":true}]},"19":{"line":275,"type":"switch","locations":[{"start":{"line":276,"column":20},"end":{"line":277,"column":64},"skip":true},{"start":{"line":278,"column":20},"end":{"line":279,"column":40},"skip":true},{"start":{"line":280,"column":20},"end":{"line":281,"column":40},"skip":true},{"start":{"line":282,"column":20},"end":{"line":283,"column":39},"skip":true}]},"20":{"line":288,"type":"if","locations":[{"start":{"line":288,"column":8},"end":{"line":288,"column":8},"skip":true},{"start":{"line":288,"column":8},"end":{"line":288,"column":8},"skip":true}]},"21":{"line":288,"type":"binary-expr","locations":[{"start":{"line":288,"column":12},"end":{"line":288,"column":40},"skip":true},{"start":{"line":288,"column":44},"end":{"line":288,"column":67},"skip":true}]},"22":{"line":292,"type":"binary-expr","locations":[{"start":{"line":292,"column":12},"end":{"line":292,"column":50},"skip":true},{"start":{"line":293,"column":12},"end":{"line":293,"column":53},"skip":true}]},"23":{"line":297,"type":"binary-expr","locations":[{"start":{"line":297,"column":12},"end":{"line":297,"column":68},"skip":true},{"start":{"line":298,"column":12},"end":{"line":301,"column":36},"skip":true}]},"24":{"line":303,"type":"binary-expr","locations":[{"start":{"line":303,"column":43},"end":{"line":303,"column":75},"skip":true},{"start":{"line":303,"column":79},"end":{"line":303,"column":81},"skip":true}]},"25":{"line":306,"type":"if","locations":[{"start":{"line":306,"column":8},"end":{"line":306,"column":8},"skip":true},{"start":{"line":306,"column":8},"end":{"line":306,"column":8},"skip":true}]},"26":{"line":310,"type":"if","locations":[{"start":{"line":310,"column":8},"end":{"line":310,"column":8},"skip":true},{"start":{"line":310,"column":8},"end":{"line":310,"column":8},"skip":true}]},"27":{"line":313,"type":"binary-expr","locations":[{"start":{"line":313,"column":27},"end":{"line":313,"column":43},"skip":true},{"start":{"line":313,"column":47},"end":{"line":313,"column":53},"skip":true}]},"28":{"line":317,"type":"if","locations":[{"start":{"line":317,"column":12},"end":{"line":317,"column":12},"skip":true},{"start":{"line":317,"column":12},"end":{"line":317,"column":12},"skip":true}]}},"code":["/*","example.js","","quickstart example","","instruction","    1. save this script as example.js","    2. run the shell command:","        $ npm install npmtest-styledocco && PORT=8081 node example.js","    3. play with the browser-demo on http://127.0.0.1:8081","*/","","","","/* istanbul instrument in package npmtest_styledocco */","/*jslint","    bitwise: true,","    browser: true,","    maxerr: 8,","    maxlen: 96,","    node: true,","    nomen: true,","    regexp: true,","    stupid: true","*/","(function () {","    'use strict';","    var local;","","","","    // run shared js-env code - pre-init","    (function () {","        // init local","        local = {};","        // init modeJs","        local.modeJs = (function () {","            try {","                return typeof navigator.userAgent === 'string' &&","                    typeof document.querySelector('body') === 'object' &&","                    typeof XMLHttpRequest.prototype.open === 'function' &&","                    'browser';","            } catch (errorCaughtBrowser) {","                return module.exports &&","                    typeof process.versions.node === 'string' &&","                    typeof require('http').createServer === 'function' &&","                    'node';","            }","        }());","        // init global","        local.global = local.modeJs === 'browser'","            ? window","            : global;","        // init utility2_rollup","        local = local.global.utility2_rollup || (local.modeJs === 'browser'","            ? local.global.utility2_npmtest_styledocco","            : global.utility2_moduleExports);","        // export local","        local.global.local = local;","    }());","    switch (local.modeJs) {","","","","    // post-init","    // run browser js-env code - post-init","    /* istanbul ignore next */","    case 'browser':","        local.testRunBrowser = function (event) {","            if (!event || (event &&","                    event.currentTarget &&","                    event.currentTarget.className &&","                    event.currentTarget.className.includes &&","                    event.currentTarget.className.includes('onreset'))) {","                // reset output","                Array.from(","                    document.querySelectorAll('body > .resettable')","                ).forEach(function (element) {","                    switch (element.tagName) {","                    case 'INPUT':","                    case 'TEXTAREA':","                        element.value = '';","                        break;","                    default:","                        element.textContent = '';","                    }","                });","            }","            switch (event && event.currentTarget && event.currentTarget.id) {","            case 'testRunButton1':","                // show tests","                if (document.querySelector('#testReportDiv1').style.display === 'none') {","                    document.querySelector('#testReportDiv1').style.display = 'block';","                    document.querySelector('#testRunButton1').textContent =","                        'hide internal test';","                    local.modeTest = true;","                    local.testRunDefault(local);","                // hide tests","                } else {","                    document.querySelector('#testReportDiv1').style.display = 'none';","                    document.querySelector('#testRunButton1').textContent = 'run internal test';","                }","                break;","            // custom-case","            default:","                break;","            }","            if (document.querySelector('#inputTextareaEval1') && (!event || (event &&","                    event.currentTarget &&","                    event.currentTarget.className &&","                    event.currentTarget.className.includes &&","                    event.currentTarget.className.includes('oneval')))) {","                // try to eval input-code","                try {","                    /*jslint evil: true*/","                    eval(document.querySelector('#inputTextareaEval1').value);","                } catch (errorCaught) {","                    console.error(errorCaught);","                }","            }","        };","        // log stderr and stdout to #outputTextareaStdout1","        ['error', 'log'].forEach(function (key) {","            console[key + '_original'] = console[key];","            console[key] = function () {","                var element;","                console[key + '_original'].apply(console, arguments);","                element = document.querySelector('#outputTextareaStdout1');","                if (!element) {","                    return;","                }","                // append text to #outputTextareaStdout1","                element.value += Array.from(arguments).map(function (arg) {","                    return typeof arg === 'string'","                        ? arg","                        : JSON.stringify(arg, null, 4);","                }).join(' ') + '\\n';","                // scroll textarea to bottom","                element.scrollTop = element.scrollHeight;","            };","        });","        // init event-handling","        ['change', 'click', 'keyup'].forEach(function (event) {","            Array.from(document.querySelectorAll('.on' + event)).forEach(function (element) {","                element.addEventListener(event, local.testRunBrowser);","            });","        });","        // run tests","        local.testRunBrowser();","        break;","","","","    // run node js-env code - post-init","    /* istanbul ignore next */","    case 'node':","        // export local","        module.exports = local;","        // require modules","        local.fs = require('fs');","        local.http = require('http');","        local.url = require('url');","        // init assets","        local.assetsDict = local.assetsDict || {};","        /* jslint-ignore-begin */","        local.assetsDict['/assets.index.template.html'] = '\\","<!doctype html>\\n\\","<html lang=\"en\">\\n\\","<head>\\n\\","<meta charset=\"UTF-8\">\\n\\","<meta name=\"viewport\" content=\"width=device-width, initial-scale=1\">\\n\\","<title>{{env.npm_package_name}} (v{{env.npm_package_version}})</title>\\n\\","<style>\\n\\","/*csslint\\n\\","    box-sizing: false,\\n\\","    universal-selector: false\\n\\","*/\\n\\","* {\\n\\","    box-sizing: border-box;\\n\\","}\\n\\","body {\\n\\","    background: #dde;\\n\\","    font-family: Arial, Helvetica, sans-serif;\\n\\","    margin: 2rem;\\n\\","}\\n\\","body > * {\\n\\","    margin-bottom: 1rem;\\n\\","}\\n\\",".utility2FooterDiv {\\n\\","    margin-top: 20px;\\n\\","    text-align: center;\\n\\","}\\n\\","</style>\\n\\","<style>\\n\\","/*csslint\\n\\","*/\\n\\","textarea {\\n\\","    font-family: monospace;\\n\\","    height: 10rem;\\n\\","    width: 100%;\\n\\","}\\n\\","textarea[readonly] {\\n\\","    background: #ddd;\\n\\","}\\n\\","</style>\\n\\","</head>\\n\\","<body>\\n\\","<!-- utility2-comment\\n\\","<div id=\"ajaxProgressDiv1\" style=\"background: #d00; height: 2px; left: 0; margin: 0; padding: 0; position: fixed; top: 0; transition: background 0.5s, width 1.5s; width: 25%;\"></div>\\n\\","utility2-comment -->\\n\\","<h1>\\n\\","<!-- utility2-comment\\n\\","    <a\\n\\","        {{#if env.npm_package_homepage}}\\n\\","        href=\"{{env.npm_package_homepage}}\"\\n\\","        {{/if env.npm_package_homepage}}\\n\\","        target=\"_blank\"\\n\\","    >\\n\\","utility2-comment -->\\n\\","        {{env.npm_package_name}} (v{{env.npm_package_version}})\\n\\","<!-- utility2-comment\\n\\","    </a>\\n\\","utility2-comment -->\\n\\","</h1>\\n\\","<h3>{{env.npm_package_description}}</h3>\\n\\","<!-- utility2-comment\\n\\","<h4><a download href=\"assets.app.js\">download standalone app</a></h4>\\n\\","<button class=\"onclick onreset\" id=\"testRunButton1\">run internal test</button><br>\\n\\","<div id=\"testReportDiv1\" style=\"display: none;\"></div>\\n\\","utility2-comment -->\\n\\","\\n\\","\\n\\","\\n\\","<label>stderr and stdout</label>\\n\\","<textarea class=\"resettable\" id=\"outputTextareaStdout1\" readonly></textarea>\\n\\","<!-- utility2-comment\\n\\","{{#if isRollup}}\\n\\","<script src=\"assets.app.js\"></script>\\n\\","{{#unless isRollup}}\\n\\","utility2-comment -->\\n\\","<script src=\"assets.utility2.rollup.js\"></script>\\n\\","<script src=\"jsonp.utility2._stateInit?callback=window.utility2._stateInit\"></script>\\n\\","<script src=\"assets.npmtest_styledocco.rollup.js\"></script>\\n\\","<script src=\"assets.example.js\"></script>\\n\\","<script src=\"assets.test.js\"></script>\\n\\","<!-- utility2-comment\\n\\","{{/if isRollup}}\\n\\","utility2-comment -->\\n\\","<div class=\"utility2FooterDiv\">\\n\\","    [ this app was created with\\n\\","    <a href=\"https://github.com/kaizhu256/node-utility2\" target=\"_blank\">utility2</a>\\n\\","    ]\\n\\","</div>\\n\\","</body>\\n\\","</html>\\n\\","';","        /* jslint-ignore-end */","        if (local.templateRender) {","            local.assetsDict['/'] = local.templateRender(","                local.assetsDict['/assets.index.template.html'],","                {","                    env: local.objectSetDefault(local.env, {","                        npm_package_description: 'the greatest app in the world!',","                        npm_package_name: 'my-app',","                        npm_package_nameAlias: 'my_app',","                        npm_package_version: '0.0.1'","                    })","                }","            );","        } else {","            local.assetsDict['/'] = local.assetsDict['/assets.index.template.html']","                .replace((/\\{\\{env\\.(\\w+?)\\}\\}/g), function (match0, match1) {","                    // jslint-hack","                    String(match0);","                    switch (match1) {","                    case 'npm_package_description':","                        return 'the greatest app in the world!';","                    case 'npm_package_name':","                        return 'my-app';","                    case 'npm_package_nameAlias':","                        return 'my_app';","                    case 'npm_package_version':","                        return '0.0.1';","                    }","                });","        }","        // run the cli","        if (local.global.utility2_rollup || module !== require.main) {","            break;","        }","        local.assetsDict['/assets.example.js'] =","            local.assetsDict['/assets.example.js'] ||","            local.fs.readFileSync(__filename, 'utf8');","        // bug-workaround - long $npm_package_buildCustomOrg","        /* jslint-ignore-begin */","        local.assetsDict['/assets.npmtest_styledocco.rollup.js'] =","            local.assetsDict['/assets.npmtest_styledocco.rollup.js'] ||","            local.fs.readFileSync(","                local.npmtest_styledocco.__dirname + '/lib.npmtest_styledocco.js',","                'utf8'","            ).replace((/^#!/), '//');","        /* jslint-ignore-end */","        local.assetsDict['/favicon.ico'] = local.assetsDict['/favicon.ico'] || '';","        // if $npm_config_timeout_exit exists,","        // then exit this process after $npm_config_timeout_exit ms","        if (Number(process.env.npm_config_timeout_exit)) {","            setTimeout(process.exit, Number(process.env.npm_config_timeout_exit));","        }","        // start server","        if (local.global.utility2_serverHttp1) {","            break;","        }","        process.env.PORT = process.env.PORT || '8081';","        console.error('server starting on port ' + process.env.PORT);","        local.http.createServer(function (request, response) {","            request.urlParsed = local.url.parse(request.url);","            if (local.assetsDict[request.urlParsed.pathname] !== undefined) {","                response.end(local.assetsDict[request.urlParsed.pathname]);","                return;","            }","            response.statusCode = 404;","            response.end();","        }).listen(process.env.PORT);","        break;","    }","}());",""],"l":{"26":2,"28":2,"33":2,"35":2,"37":2,"38":2,"39":2,"44":1,"51":2,"55":2,"59":2,"61":2,"69":1,"70":2,"76":2,"79":2,"82":2,"83":2,"85":1,"89":2,"92":1,"93":1,"94":1,"96":1,"97":1,"100":1,"101":1,"103":1,"106":1,"108":2,"114":1,"116":1,"118":1,"123":1,"124":2,"125":2,"126":3,"127":3,"128":3,"129":3,"130":1,"133":3,"134":3,"139":3,"143":1,"144":3,"145":1,"149":1,"150":1,"158":1,"160":1,"161":1,"162":1,"164":1,"166":1,"258":1,"259":1,"271":1,"274":6,"275":6,"277":1,"279":2,"281":1,"283":2,"288":1,"289":1,"291":1,"296":1,"303":1,"306":1,"307":1,"310":1,"311":1,"313":1,"314":1,"315":1,"316":1,"317":1,"318":1,"319":1,"321":1,"322":1,"324":1}},"/home/travis/build/npmtest/node-npmtest-styledocco/node_modules/styledocco/styledocco.js":{"path":"/home/travis/build/npmtest/node-npmtest-styledocco/node_modules/styledocco/styledocco.js","s":{"1":1,"2":1,"3":1,"4":1,"5":0,"6":1,"7":0,"8":0,"9":0,"10":0,"11":0,"12":0,"13":0,"14":0,"15":0,"16":1,"17":0,"18":0,"19":0,"20":1,"21":0,"22":1,"23":0,"24":1,"25":0,"26":1,"27":0,"28":0,"29":0,"30":0,"31":0,"32":0,"33":0,"34":0,"35":0,"36":0,"37":0,"38":0,"39":0,"40":0,"41":0,"42":0,"43":1,"44":0,"45":0,"46":0,"47":0,"48":0,"49":0,"50":0,"51":0,"52":0,"53":0,"54":0,"55":0,"56":0,"57":0,"58":0,"59":0,"60":0,"61":0,"62":0,"63":0,"64":0,"65":0,"66":0,"67":0,"68":0,"69":0,"70":0,"71":0,"72":0,"73":0,"74":0,"75":0,"76":0,"77":1,"78":0,"79":1,"80":1},"b":{"1":[0,0],"2":[0,0],"3":[0,0],"4":[0,0],"5":[0,0],"6":[0,0],"7":[0,0],"8":[0,0],"9":[0,0],"10":[0,0],"11":[0,0,0],"12":[0,0],"13":[0,0,0],"14":[0,0],"15":[0,0],"16":[0,0],"17":[0,0],"18":[0,0],"19":[0,0],"20":[0,0]},"f":{"1":0,"2":0,"3":0,"4":0,"5":0,"6":0,"7":0,"8":0,"9":0,"10":0,"11":0,"12":0,"13":0,"14":0},"fnMap":{"1":{"name":"(anonymous_1)","line":15,"loc":{"start":{"line":15,"column":14},"end":{"line":15,"column":28}}},"2":{"name":"(anonymous_2)","line":24,"loc":{"start":{"line":24,"column":16},"end":{"line":24,"column":30}}},"3":{"name":"(anonymous_3)","line":41,"loc":{"start":{"line":41,"column":17},"end":{"line":41,"column":31}}},"4":{"name":"(anonymous_4)","line":49,"loc":{"start":{"line":49,"column":17},"end":{"line":49,"column":31}}},"5":{"name":"(anonymous_5)","line":55,"loc":{"start":{"line":55,"column":19},"end":{"line":55,"column":33}}},"6":{"name":"(anonymous_6)","line":59,"loc":{"start":{"line":59,"column":19},"end":{"line":59,"column":33}}},"7":{"name":"(anonymous_7)","line":63,"loc":{"start":{"line":63,"column":15},"end":{"line":63,"column":29}}},"8":{"name":"(anonymous_8)","line":89,"loc":{"start":{"line":89,"column":42},"end":{"line":89,"column":59}}},"9":{"name":"(anonymous_9)","line":91,"loc":{"start":{"line":91,"column":9},"end":{"line":91,"column":25}}},"10":{"name":"(anonymous_10)","line":96,"loc":{"start":{"line":96,"column":9},"end":{"line":96,"column":25}}},"11":{"name":"(anonymous_11)","line":100,"loc":{"start":{"line":100,"column":32},"end":{"line":100,"column":56}}},"12":{"name":"(anonymous_12)","line":124,"loc":{"start":{"line":124,"column":12},"end":{"line":124,"column":36}}},"13":{"name":"(anonymous_13)","line":150,"loc":{"start":{"line":150,"column":9},"end":{"line":150,"column":27}}},"14":{"name":"(anonymous_14)","line":161,"loc":{"start":{"line":161,"column":17},"end":{"line":161,"column":31}}}},"statementMap":{"1":{"start":{"line":3,"column":0},"end":{"line":3,"column":31}},"2":{"start":{"line":4,"column":0},"end":{"line":4,"column":50}},"3":{"start":{"line":8,"column":0},"end":{"line":12,"column":2}},"4":{"start":{"line":15,"column":0},"end":{"line":21,"column":2}},"5":{"start":{"line":16,"column":2},"end":{"line":20,"column":4}},"6":{"start":{"line":24,"column":0},"end":{"line":39,"column":2}},"7":{"start":{"line":26,"column":2},"end":{"line":38,"column":3}},"8":{"start":{"line":27,"column":4},"end":{"line":27,"column":20}},"9":{"start":{"line":30,"column":9},"end":{"line":38,"column":3}},"10":{"start":{"line":31,"column":4},"end":{"line":31,"column":24}},"11":{"start":{"line":32,"column":9},"end":{"line":38,"column":3}},"12":{"start":{"line":33,"column":4},"end":{"line":33,"column":22}},"13":{"start":{"line":34,"column":9},"end":{"line":38,"column":3}},"14":{"start":{"line":35,"column":4},"end":{"line":35,"column":20}},"15":{"start":{"line":37,"column":4},"end":{"line":37,"column":18}},"16":{"start":{"line":41,"column":0},"end":{"line":47,"column":2}},"17":{"start":{"line":43,"column":2},"end":{"line":45,"column":3}},"18":{"start":{"line":44,"column":4},"end":{"line":44,"column":46}},"19":{"start":{"line":46,"column":2},"end":{"line":46,"column":20}},"20":{"start":{"line":49,"column":0},"end":{"line":52,"column":2}},"21":{"start":{"line":51,"column":2},"end":{"line":51,"column":57}},"22":{"start":{"line":55,"column":0},"end":{"line":57,"column":2}},"23":{"start":{"line":56,"column":2},"end":{"line":56,"column":53}},"24":{"start":{"line":59,"column":0},"end":{"line":61,"column":2}},"25":{"start":{"line":60,"column":2},"end":{"line":60,"column":57}},"26":{"start":{"line":63,"column":0},"end":{"line":86,"column":2}},"27":{"start":{"line":64,"column":2},"end":{"line":64,"column":30}},"28":{"start":{"line":65,"column":2},"end":{"line":65,"column":36}},"29":{"start":{"line":66,"column":2},"end":{"line":84,"column":3}},"30":{"start":{"line":67,"column":4},"end":{"line":67,"column":21}},"31":{"start":{"line":69,"column":4},"end":{"line":71,"column":5}},"32":{"start":{"line":70,"column":6},"end":{"line":70,"column":40}},"33":{"start":{"line":73,"column":4},"end":{"line":79,"column":5}},"34":{"start":{"line":74,"column":6},"end":{"line":78,"column":7}},"35":{"start":{"line":75,"column":8},"end":{"line":75,"column":29}},"36":{"start":{"line":76,"column":8},"end":{"line":76,"column":33}},"37":{"start":{"line":77,"column":8},"end":{"line":77,"column":50}},"38":{"start":{"line":77,"column":44},"end":{"line":77,"column":50}},"39":{"start":{"line":80,"column":4},"end":{"line":82,"column":5}},"40":{"start":{"line":81,"column":6},"end":{"line":81,"column":40}},"41":{"start":{"line":83,"column":4},"end":{"line":83,"column":44}},"42":{"start":{"line":85,"column":2},"end":{"line":85,"column":16}},"43":{"start":{"line":89,"column":0},"end":{"line":159,"column":2}},"44":{"start":{"line":90,"column":2},"end":{"line":158,"column":7}},"45":{"start":{"line":93,"column":6},"end":{"line":93,"column":44}},"46":{"start":{"line":94,"column":6},"end":{"line":94,"column":19}},"47":{"start":{"line":98,"column":6},"end":{"line":119,"column":8}},"48":{"start":{"line":101,"column":10},"end":{"line":115,"column":11}},"49":{"start":{"line":102,"column":12},"end":{"line":102,"column":32}},"50":{"start":{"line":103,"column":12},"end":{"line":103,"column":29}},"51":{"start":{"line":104,"column":12},"end":{"line":104,"column":121}},"52":{"start":{"line":106,"column":17},"end":{"line":115,"column":11}},"53":{"start":{"line":107,"column":12},"end":{"line":107,"column":43}},"54":{"start":{"line":108,"column":12},"end":{"line":108,"column":32}},"55":{"start":{"line":109,"column":12},"end":{"line":109,"column":31}},"56":{"start":{"line":110,"column":12},"end":{"line":110,"column":41}},"57":{"start":{"line":112,"column":12},"end":{"line":112,"column":55}},"58":{"start":{"line":112,"column":35},"end":{"line":112,"column":55}},"59":{"start":{"line":113,"column":12},"end":{"line":114,"column":66}},"60":{"start":{"line":116,"column":10},"end":{"line":116,"column":29}},"61":{"start":{"line":117,"column":10},"end":{"line":117,"column":24}},"62":{"start":{"line":121,"column":6},"end":{"line":121,"column":45}},"63":{"start":{"line":122,"column":6},"end":{"line":122,"column":22}},"64":{"start":{"line":126,"column":6},"end":{"line":126,"column":26}},"65":{"start":{"line":127,"column":6},"end":{"line":140,"column":7}},"66":{"start":{"line":129,"column":8},"end":{"line":137,"column":9}},"67":{"start":{"line":130,"column":10},"end":{"line":130,"column":40}},"68":{"start":{"line":131,"column":10},"end":{"line":131,"column":35}},"69":{"start":{"line":132,"column":10},"end":{"line":133,"column":54}},"70":{"start":{"line":136,"column":10},"end":{"line":136,"column":62}},"71":{"start":{"line":139,"column":8},"end":{"line":139,"column":60}},"72":{"start":{"line":142,"column":6},"end":{"line":147,"column":7}},"73":{"start":{"line":143,"column":8},"end":{"line":143,"column":27}},"74":{"start":{"line":146,"column":8},"end":{"line":146,"column":53}},"75":{"start":{"line":148,"column":6},"end":{"line":148,"column":22}},"76":{"start":{"line":152,"column":6},"end":{"line":157,"column":8}},"77":{"start":{"line":161,"column":0},"end":{"line":163,"column":2}},"78":{"start":{"line":162,"column":2},"end":{"line":162,"column":37}},"79":{"start":{"line":165,"column":0},"end":{"line":165,"column":43}},"80":{"start":{"line":166,"column":0},"end":{"line":166,"column":35}}},"branchMap":{"1":{"line":26,"type":"if","locations":[{"start":{"line":26,"column":2},"end":{"line":26,"column":2}},{"start":{"line":26,"column":2},"end":{"line":26,"column":2}}]},"2":{"line":26,"type":"binary-expr","locations":[{"start":{"line":26,"column":6},"end":{"line":26,"column":41}},{"start":{"line":26,"column":45},"end":{"line":26,"column":78}}]},"3":{"line":30,"type":"if","locations":[{"start":{"line":30,"column":9},"end":{"line":30,"column":9}},{"start":{"line":30,"column":9},"end":{"line":30,"column":9}}]},"4":{"line":32,"type":"if","locations":[{"start":{"line":32,"column":9},"end":{"line":32,"column":9}},{"start":{"line":32,"column":9},"end":{"line":32,"column":9}}]},"5":{"line":34,"type":"if","locations":[{"start":{"line":34,"column":9},"end":{"line":34,"column":9}},{"start":{"line":34,"column":9},"end":{"line":34,"column":9}}]},"6":{"line":34,"type":"binary-expr","locations":[{"start":{"line":34,"column":14},"end":{"line":34,"column":42}},{"start":{"line":34,"column":47},"end":{"line":34,"column":78}}]},"7":{"line":69,"type":"binary-expr","locations":[{"start":{"line":69,"column":11},"end":{"line":69,"column":23}},{"start":{"line":69,"column":27},"end":{"line":69,"column":59}}]},"8":{"line":73,"type":"if","locations":[{"start":{"line":73,"column":4},"end":{"line":73,"column":4}},{"start":{"line":73,"column":4},"end":{"line":73,"column":4}}]},"9":{"line":73,"type":"binary-expr","locations":[{"start":{"line":73,"column":8},"end":{"line":73,"column":20}},{"start":{"line":73,"column":24},"end":{"line":73,"column":60}}]},"10":{"line":77,"type":"if","locations":[{"start":{"line":77,"column":8},"end":{"line":77,"column":8}},{"start":{"line":77,"column":8},"end":{"line":77,"column":8}}]},"11":{"line":80,"type":"binary-expr","locations":[{"start":{"line":80,"column":11},"end":{"line":80,"column":23}},{"start":{"line":80,"column":28},"end":{"line":80,"column":58}},{"start":{"line":80,"column":62},"end":{"line":80,"column":96}}]},"12":{"line":101,"type":"if","locations":[{"start":{"line":101,"column":10},"end":{"line":101,"column":10}},{"start":{"line":101,"column":10},"end":{"line":101,"column":10}}]},"13":{"line":101,"type":"binary-expr","locations":[{"start":{"line":101,"column":14},"end":{"line":101,"column":35}},{"start":{"line":101,"column":40},"end":{"line":101,"column":58}},{"start":{"line":101,"column":62},"end":{"line":101,"column":83}}]},"14":{"line":106,"type":"if","locations":[{"start":{"line":106,"column":17},"end":{"line":106,"column":17}},{"start":{"line":106,"column":17},"end":{"line":106,"column":17}}]},"15":{"line":112,"type":"if","locations":[{"start":{"line":112,"column":12},"end":{"line":112,"column":12}},{"start":{"line":112,"column":12},"end":{"line":112,"column":12}}]},"16":{"line":129,"type":"if","locations":[{"start":{"line":129,"column":8},"end":{"line":129,"column":8}},{"start":{"line":129,"column":8},"end":{"line":129,"column":8}}]},"17":{"line":129,"type":"binary-expr","locations":[{"start":{"line":129,"column":12},"end":{"line":129,"column":26}},{"start":{"line":129,"column":30},"end":{"line":129,"column":51}}]},"18":{"line":142,"type":"if","locations":[{"start":{"line":142,"column":6},"end":{"line":142,"column":6}},{"start":{"line":142,"column":6},"end":{"line":142,"column":6}}]},"19":{"line":153,"type":"cond-expr","locations":[{"start":{"line":153,"column":31},"end":{"line":153,"column":51}},{"start":{"line":153,"column":54},"end":{"line":153,"column":56}}]},"20":{"line":154,"type":"binary-expr","locations":[{"start":{"line":154,"column":14},"end":{"line":154,"column":26}},{"start":{"line":154,"column":30},"end":{"line":154,"column":32}}]}},"code":["'use strict';","","var marked = require('marked');","marked.setOptions({ sanitize: false, gfm: true });","","// Regular expressions to match comments. We only match comments in","// the beginning of lines. ","var commentRegexs = {","  single: /^\\/\\//, // Single line comments for Sass, Less and Stylus","  multiStart: /^\\/\\*/,","  multiEnd: /\\*\\//","};","","// Make an URL slug from `str`.","var slugify = function(str) {","  return encodeURIComponent(","    str.trim().toLowerCase()","      .replace(/[^\\w ]+/g,'')","      .replace(/ +/g,'-')","  );","};","","// Check if a string is code or a comment (and which type of comment).","var checkType = function(str) {","  // Treat multi start and end on same row as a single line comment.","  if (str.match(commentRegexs.multiStart) && str.match(commentRegexs.multiEnd)) {","    return 'single';","  // Checking for multi line comments first to avoid matching single line","  // comment symbols inside multi line blocks.","  } else if (str.match(commentRegexs.multiStart)) {","    return 'multistart';","  } else if (str.match(commentRegexs.multiEnd)) {","    return 'multiend';","  } else if ((commentRegexs.single != null) && str.match(commentRegexs.single)) {","    return 'single';","  } else {","    return 'code';","  }","};","","var formatDocs = function(str) {","  // Filter out comment symbols","  for (var key in commentRegexs) {","    str = str.replace(commentRegexs[key], '');","  }","  return str + '\\n';","};","","var formatCode = function(str) {","  // Truncate base64 encoded strings","  return str.replace(/(;base64,)[^\\)]*/, '$1...') + '\\n';","};","","// Trim newlines from beginning and end of a multi line string.","var trimNewLines = function(str) {","  return str.replace(/^\\n*/, '').replace(/\\n*$/, '');","};","","var htmlEntities = function(str) {","  return str.replace(/</g, '&lt;').replace(/>/g, '&gt;');","};","","var separate = function(css) {","  var lines = css.split('\\n');","  var docs, code, line, blocks = [];","  while (lines.length) {","    docs = code = '';","    // First check for any single line comments.","    while (lines.length && checkType(lines[0]) === 'single') {","      docs += formatDocs(lines.shift());","    }","    // A multi line comment starts here, add lines until comment ends.","    if (lines.length && checkType(lines[0]) === 'multistart') {","      while (lines.length) {","        line = lines.shift();","        docs += formatDocs(line);","        if (checkType(line) === 'multiend') break;","      }","    }","    while (lines.length && (checkType(lines[0]) === 'code' || checkType(lines[0]) === 'multiend')) {","      code += formatCode(lines.shift());","    }","    blocks.push({ docs: docs, code: code });","  }","  return blocks;","};","","","var makeSections = exports.makeSections = function(blocks) {","  return blocks","    .map(function(block) {","      // Run comments through marked.lexer to get Markdown tokens.","      block.docs = marked.lexer(block.docs);","      return block;","    })","    .map(function(block) {","      // If we encounter code blocks in documentation, add preview HTML.","      var newBlock = {","        code: block.code,","        docs: block.docs.reduce(function(tokens, token) {","          if (token.type === 'code' && (token.lang == null || token.lang === 'html')) {","            token.type = 'html';","            token.pre = true;","            token.text = '<textarea class=\"preview-code\" spellcheck=\"false\">' + htmlEntities(token.text) + '</textarea>';","          // Add permalink `id`s and some custom properties to headings.","          } else if (token.type === 'heading') {","            var slug = slugify(token.text);","            token.type = 'html';","            token._slug = slug;","            token._origText = token.text;","            // This token should start a new doc section","            if (token.depth === 1) token._split = true;","            token.text = '<h' + token.depth + ' id=\"' + slug + '\">' +","                         token.text + '</h' + token.depth + '>\\n';","          }","          tokens.push(token);","          return tokens;","        }, [])","      };","      // Keep marked's custom links property on the docs array.","      newBlock.docs.links = block.docs.links;","      return newBlock;","    }, [])","    .reduce(function(sections, cur) {","      // Split into sections with headings as delimiters.","      var docs = cur.docs;","      while (docs.length) {","        // New or first section, add title/slug properties.","        if (docs[0]._split || sections.length === 0) {","          var title = docs[0]._origText;","          var slug = docs[0]._slug;","          sections.push({ docs: [ docs.shift() ], code: '',","                          title: title, slug: slug });","        } else {","          // Add the documentation to the last section.","          sections[sections.length-1].docs.push(docs.shift());","        }","        // Keep marked's custom links property on the docs arrays.","        sections[sections.length-1].docs.links = docs.links;","      }","      // No docs in file, just add the CSS.","      if (sections.length === 0) {","        sections.push(cur);","      // Add remaining code to the last section.","      } else {","        sections[sections.length-1].code += cur.code;","      }","      return sections;","    }, [])","    .map(function(section) {","      // Run through marked parser to generate HTML.","      return {","        title: section.title ? section.title.trim() : '',","        slug: section.slug || '',","        docs: trimNewLines(marked.parser(section.docs)),","        code: trimNewLines(section.code)","      };","    });","};","","module.exports = function(css) {","  return makeSections(separate(css));","};","","module.exports.makeSections = makeSections;","module.exports.separate = separate;",""],"l":{"3":1,"4":1,"8":1,"15":1,"16":0,"24":1,"26":0,"27":0,"30":0,"31":0,"32":0,"33":0,"34":0,"35":0,"37":0,"41":1,"43":0,"44":0,"46":0,"49":1,"51":0,"55":1,"56":0,"59":1,"60":0,"63":1,"64":0,"65":0,"66":0,"67":0,"69":0,"70":0,"73":0,"74":0,"75":0,"76":0,"77":0,"80":0,"81":0,"83":0,"85":0,"89":1,"90":0,"93":0,"94":0,"98":0,"101":0,"102":0,"103":0,"104":0,"106":0,"107":0,"108":0,"109":0,"110":0,"112":0,"113":0,"116":0,"117":0,"121":0,"122":0,"126":0,"127":0,"129":0,"130":0,"131":0,"132":0,"136":0,"139":0,"142":0,"143":0,"146":0,"148":0,"152":0,"161":1,"162":0,"165":1,"166":1}},"/home/travis/build/npmtest/node-npmtest-styledocco/node_modules/styledocco/cli.js":{"path":"/home/travis/build/npmtest/node-npmtest-styledocco/node_modules/styledocco/cli.js","s":{"1":1,"2":1,"3":1,"4":1,"5":1,"6":1,"7":1,"8":1,"9":1,"10":1,"11":1,"12":1,"13":1,"14":1,"15":1,"16":0,"17":1,"18":1,"19":0,"20":0,"21":1,"22":0,"23":1,"24":0,"25":0,"26":1,"27":0,"28":1,"29":0,"30":1,"31":0,"32":1,"33":0,"34":0,"35":0,"36":0,"37":0,"38":1,"39":0,"40":0,"41":0,"42":0,"43":0,"44":0,"45":1,"46":0,"47":1,"48":0,"49":1,"50":0,"51":1,"52":0,"53":0,"54":0,"55":0,"56":0,"57":0,"58":0,"59":1,"60":0,"61":0,"62":0,"63":0,"64":0,"65":0,"66":0,"67":0,"68":0,"69":0,"70":0,"71":1,"72":0,"73":0,"74":0,"75":0,"76":0,"77":0,"78":0,"79":0,"80":1,"81":0,"82":0,"83":0,"84":0,"85":0,"86":0,"87":0,"88":0,"89":0,"90":0,"91":0,"92":0,"93":0,"94":0,"95":0,"96":0,"97":0,"98":0,"99":0,"100":0,"101":0,"102":0,"103":1,"104":0,"105":0,"106":0,"107":0,"108":0,"109":0,"110":0,"111":0,"112":0,"113":0,"114":0,"115":0,"116":0,"117":0,"118":0,"119":0,"120":0,"121":0,"122":0,"123":0,"124":0,"125":0,"126":0,"127":0,"128":0,"129":0,"130":0,"131":0,"132":0,"133":0,"134":0,"135":0,"136":0,"137":0,"138":0,"139":0,"140":0,"141":0,"142":0,"143":0,"144":0,"145":0,"146":0,"147":0,"148":0,"149":0,"150":0,"151":0,"152":0,"153":0,"154":0,"155":0,"156":0,"157":0,"158":0,"159":0,"160":0,"161":0,"162":0,"163":0,"164":0,"165":0,"166":0,"167":0,"168":0,"169":0,"170":0,"171":0,"172":0,"173":0,"174":0,"175":0,"176":0,"177":0,"178":0,"179":0,"180":0,"181":0,"182":0,"183":0,"184":0,"185":0,"186":0,"187":0,"188":0,"189":0,"190":0,"191":0,"192":0,"193":0,"194":0,"195":0,"196":0,"197":0,"198":0,"199":0,"200":0,"201":0,"202":0,"203":0,"204":0,"205":0,"206":1,"207":1,"208":1,"209":1,"210":1,"211":1},"b":{"1":[0,0],"2":[0,0],"3":[0,0],"4":[0,0],"5":[0,0],"6":[0,0],"7":[0,0],"8":[0,0],"9":[0,0],"10":[0,0],"11":[0,0],"12":[0,0],"13":[0,0],"14":[0,0],"15":[0,0],"16":[0,0],"17":[0,0],"18":[0,0],"19":[0,0],"20":[0,0],"21":[0,0],"22":[0,0],"23":[0,0],"24":[0,0],"25":[0,0],"26":[0,0],"27":[0,0],"28":[0,0],"29":[0,0],"30":[0,0],"31":[0,0],"32":[0,0],"33":[0,0],"34":[0,0],"35":[0,0],"36":[0,0],"37":[0,0],"38":[0,0],"39":[0,0],"40":[0,0],"41":[0,0]},"f":{"1":0,"2":0,"3":0,"4":0,"5":0,"6":0,"7":0,"8":0,"9":0,"10":0,"11":0,"12":0,"13":0,"14":0,"15":0,"16":0,"17":0,"18":0,"19":0,"20":0,"21":0,"22":0,"23":0,"24":0,"25":0,"26":0,"27":0,"28":0,"29":0,"30":0,"31":0,"32":0,"33":0,"34":0,"35":0,"36":0,"37":0,"38":0,"39":0,"40":0,"41":0,"42":0,"43":0,"44":0,"45":0,"46":0,"47":0,"48":0,"49":0,"50":0,"51":0,"52":0,"53":0,"54":0,"55":0,"56":0,"57":0,"58":0,"59":0,"60":0,"61":0,"62":0,"63":0,"64":0,"65":0,"66":0,"67":0,"68":0},"fnMap":{"1":{"name":"(anonymous_1)","line":22,"loc":{"start":{"line":22,"column":13},"end":{"line":22,"column":27}}},"2":{"name":"(anonymous_2)","line":24,"loc":{"start":{"line":24,"column":12},"end":{"line":24,"column":32}}},"3":{"name":"(anonymous_3)","line":25,"loc":{"start":{"line":25,"column":17},"end":{"line":25,"column":32}}},"4":{"name":"(anonymous_4)","line":28,"loc":{"start":{"line":28,"column":13},"end":{"line":28,"column":31}}},"5":{"name":"(anonymous_5)","line":32,"loc":{"start":{"line":32,"column":14},"end":{"line":32,"column":28}}},"6":{"name":"(anonymous_6)","line":33,"loc":{"start":{"line":33,"column":20},"end":{"line":33,"column":39}}},"7":{"name":"(anonymous_7)","line":37,"loc":{"start":{"line":37,"column":14},"end":{"line":37,"column":33}}},"8":{"name":"(anonymous_8)","line":38,"loc":{"start":{"line":38,"column":14},"end":{"line":38,"column":28}}},"9":{"name":"(anonymous_9)","line":39,"loc":{"start":{"line":39,"column":15},"end":{"line":39,"column":29}}},"10":{"name":"(anonymous_10)","line":41,"loc":{"start":{"line":41,"column":19},"end":{"line":41,"column":39}}},"11":{"name":"(anonymous_11)","line":51,"loc":{"start":{"line":51,"column":12},"end":{"line":51,"column":28}}},"12":{"name":"(anonymous_12)","line":61,"loc":{"start":{"line":61,"column":19},"end":{"line":61,"column":33}}},"13":{"name":"(anonymous_13)","line":65,"loc":{"start":{"line":65,"column":19},"end":{"line":65,"column":44}}},"14":{"name":"(anonymous_14)","line":73,"loc":{"start":{"line":73,"column":19},"end":{"line":73,"column":44}}},"15":{"name":"(anonymous_15)","line":81,"loc":{"start":{"line":81,"column":15},"end":{"line":81,"column":37}}},"16":{"name":"(anonymous_16)","line":82,"loc":{"start":{"line":82,"column":15},"end":{"line":82,"column":35}}},"17":{"name":"(anonymous_17)","line":83,"loc":{"start":{"line":83,"column":32},"end":{"line":83,"column":53}}},"18":{"name":"(anonymous_18)","line":84,"loc":{"start":{"line":84,"column":34},"end":{"line":84,"column":49}}},"19":{"name":"(anonymous_19)","line":91,"loc":{"start":{"line":91,"column":15},"end":{"line":91,"column":36}}},"20":{"name":"(anonymous_20)","line":92,"loc":{"start":{"line":92,"column":18},"end":{"line":92,"column":38}}},"21":{"name":"(anonymous_21)","line":99,"loc":{"start":{"line":99,"column":24},"end":{"line":99,"column":39}}},"22":{"name":"(anonymous_22)","line":100,"loc":{"start":{"line":100,"column":23},"end":{"line":100,"column":34}}},"23":{"name":"(anonymous_23)","line":106,"loc":{"start":{"line":106,"column":16},"end":{"line":106,"column":42}}},"24":{"name":"(anonymous_24)","line":107,"loc":{"start":{"line":107,"column":19},"end":{"line":107,"column":34}}},"25":{"name":"(anonymous_25)","line":116,"loc":{"start":{"line":116,"column":10},"end":{"line":116,"column":32}}},"26":{"name":"(anonymous_26)","line":126,"loc":{"start":{"line":126,"column":17},"end":{"line":126,"column":49}}},"27":{"name":"(anonymous_27)","line":131,"loc":{"start":{"line":131,"column":21},"end":{"line":131,"column":32}}},"28":{"name":"(anonymous_28)","line":143,"loc":{"start":{"line":143,"column":19},"end":{"line":143,"column":33}}},"29":{"name":"(anonymous_29)","line":147,"loc":{"start":{"line":147,"column":19},"end":{"line":147,"column":30}}},"30":{"name":"(anonymous_30)","line":151,"loc":{"start":{"line":151,"column":25},"end":{"line":151,"column":40}}},"31":{"name":"(anonymous_31)","line":155,"loc":{"start":{"line":155,"column":25},"end":{"line":155,"column":40}}},"32":{"name":"(anonymous_32)","line":164,"loc":{"start":{"line":164,"column":10},"end":{"line":164,"column":28}}},"33":{"name":"(anonymous_33)","line":178,"loc":{"start":{"line":178,"column":30},"end":{"line":178,"column":44}}},"34":{"name":"(anonymous_34)","line":179,"loc":{"start":{"line":179,"column":30},"end":{"line":179,"column":41}}},"35":{"name":"(anonymous_35)","line":182,"loc":{"start":{"line":182,"column":16},"end":{"line":182,"column":35}}},"36":{"name":"(anonymous_36)","line":196,"loc":{"start":{"line":196,"column":14},"end":{"line":196,"column":27}}},"37":{"name":"(anonymous_37)","line":197,"loc":{"start":{"line":197,"column":54},"end":{"line":197,"column":78}}},"38":{"name":"(anonymous_38)","line":202,"loc":{"start":{"line":202,"column":10},"end":{"line":202,"column":23}}},"39":{"name":"(anonymous_39)","line":205,"loc":{"start":{"line":205,"column":12},"end":{"line":205,"column":25}}},"40":{"name":"(anonymous_40)","line":209,"loc":{"start":{"line":209,"column":13},"end":{"line":209,"column":32}}},"41":{"name":"(anonymous_41)","line":217,"loc":{"start":{"line":217,"column":14},"end":{"line":217,"column":27}}},"42":{"name":"(anonymous_42)","line":218,"loc":{"start":{"line":218,"column":56},"end":{"line":218,"column":74}}},"43":{"name":"(anonymous_43)","line":221,"loc":{"start":{"line":221,"column":43},"end":{"line":221,"column":58}}},"44":{"name":"(anonymous_44)","line":224,"loc":{"start":{"line":224,"column":39},"end":{"line":224,"column":55}}},"45":{"name":"(anonymous_45)","line":225,"loc":{"start":{"line":225,"column":36},"end":{"line":225,"column":59}}},"46":{"name":"(anonymous_46)","line":226,"loc":{"start":{"line":226,"column":37},"end":{"line":226,"column":61}}},"47":{"name":"(anonymous_47)","line":236,"loc":{"start":{"line":236,"column":11},"end":{"line":236,"column":24}}},"48":{"name":"(anonymous_48)","line":237,"loc":{"start":{"line":237,"column":38},"end":{"line":237,"column":61}}},"49":{"name":"(anonymous_49)","line":238,"loc":{"start":{"line":238,"column":22},"end":{"line":238,"column":43}}},"50":{"name":"(anonymous_50)","line":242,"loc":{"start":{"line":242,"column":9},"end":{"line":242,"column":30}}},"51":{"name":"(anonymous_51)","line":244,"loc":{"start":{"line":244,"column":29},"end":{"line":244,"column":44}}},"52":{"name":"(anonymous_52)","line":256,"loc":{"start":{"line":256,"column":12},"end":{"line":256,"column":25}}},"53":{"name":"(anonymous_53)","line":257,"loc":{"start":{"line":257,"column":61},"end":{"line":257,"column":81}}},"54":{"name":"(anonymous_54)","line":259,"loc":{"start":{"line":259,"column":60},"end":{"line":259,"column":80}}},"55":{"name":"(anonymous_55)","line":264,"loc":{"start":{"line":264,"column":17},"end":{"line":264,"column":32}}},"56":{"name":"(anonymous_56)","line":265,"loc":{"start":{"line":265,"column":34},"end":{"line":265,"column":57}}},"57":{"name":"(anonymous_57)","line":271,"loc":{"start":{"line":271,"column":5},"end":{"line":271,"column":30}}},"58":{"name":"(anonymous_58)","line":282,"loc":{"start":{"line":282,"column":31},"end":{"line":282,"column":50}}},"59":{"name":"(anonymous_59)","line":286,"loc":{"start":{"line":286,"column":14},"end":{"line":286,"column":27}}},"60":{"name":"(anonymous_60)","line":287,"loc":{"start":{"line":287,"column":36},"end":{"line":287,"column":56}}},"61":{"name":"(anonymous_61)","line":292,"loc":{"start":{"line":292,"column":9},"end":{"line":292,"column":29}}},"62":{"name":"(anonymous_62)","line":297,"loc":{"start":{"line":297,"column":7},"end":{"line":297,"column":28}}},"63":{"name":"(anonymous_63)","line":303,"loc":{"start":{"line":303,"column":42},"end":{"line":303,"column":57}}},"64":{"name":"(anonymous_64)","line":307,"loc":{"start":{"line":307,"column":40},"end":{"line":307,"column":58}}},"65":{"name":"(anonymous_65)","line":314,"loc":{"start":{"line":314,"column":22},"end":{"line":314,"column":36}}},"66":{"name":"(anonymous_66)","line":315,"loc":{"start":{"line":315,"column":23},"end":{"line":315,"column":37}}},"67":{"name":"(anonymous_67)","line":318,"loc":{"start":{"line":318,"column":32},"end":{"line":318,"column":47}}},"68":{"name":"(anonymous_68)","line":348,"loc":{"start":{"line":348,"column":24},"end":{"line":348,"column":39}}}},"statementMap":{"1":{"start":{"line":3,"column":0},"end":{"line":3,"column":29}},"2":{"start":{"line":4,"column":0},"end":{"line":4,"column":36}},"3":{"start":{"line":5,"column":0},"end":{"line":5,"column":43}},"4":{"start":{"line":6,"column":0},"end":{"line":6,"column":31}},"5":{"start":{"line":7,"column":0},"end":{"line":7,"column":23}},"6":{"start":{"line":8,"column":0},"end":{"line":8,"column":27}},"7":{"start":{"line":9,"column":0},"end":{"line":9,"column":31}},"8":{"start":{"line":10,"column":0},"end":{"line":10,"column":31}},"9":{"start":{"line":11,"column":0},"end":{"line":11,"column":27}},"10":{"start":{"line":12,"column":0},"end":{"line":12,"column":36}},"11":{"start":{"line":13,"column":0},"end":{"line":13,"column":27}},"12":{"start":{"line":15,"column":0},"end":{"line":15,"column":41}},"13":{"start":{"line":17,"column":0},"end":{"line":17,"column":43}},"14":{"start":{"line":19,"column":0},"end":{"line":19,"column":50}},"15":{"start":{"line":22,"column":0},"end":{"line":22,"column":61}},"16":{"start":{"line":22,"column":29},"end":{"line":22,"column":58}},"17":{"start":{"line":23,"column":0},"end":{"line":23,"column":21}},"18":{"start":{"line":24,"column":0},"end":{"line":26,"column":2}},"19":{"start":{"line":25,"column":2},"end":{"line":25,"column":56}},"20":{"start":{"line":25,"column":34},"e
[...]
r (var i = 0; i < steps; ++i) {","        str += '../';","    }","    return str;","};","","// Get a filename without the extension","var baseFilename = function(str) {","  return path.basename(str, path.extname(str)).replace(/^_/, '');","};","","var basePathname = function(file, basePath) {","  return path.join(","    path.dirname(path.relative(basePath, file) || path.basename(basePath)),","    baseFilename(file)","  );","};","","// Build an HTML file name, named by it's path relative to basePath","var htmlFilename = function(file, basePath) {","  return path.join(","    path.dirname(path.relative(basePath, file) || path.basename(basePath)),","    baseFilename(file) + '.html'","  ).replace(/[\\\\/]/g, '-');","};","","// Find first file matching `re` in `dir`.","var findFile = function(dir, re, cb) {","  fs.stat(dir, function(err, stat) {","    var files = fs.readdir(dir, function(err, files) {","      files = files.sort().filter(function(file) { return file.match(re); });","      if (!files.length) cb(new Error('No file found.'));","      else cb(null, path.join(dir, files[0]));","    });","  });","};","","var getFiles = function(inPath, cb) {","  fs.stat(inPath, function(err, stat) {","    if (err != null) return cb(err);","    if (stat.isFile()) {","      cb(null, [ inPath ]);","    } else {","      var finder = findit(inPath);","      var files = [];","      finder.on('file', function(file) { files.push(file); });","      finder.on('end', function() { cb(null, files); });","    }","  });","};","","// Make `link` objects for the menu.","var menuLinks = function(files, basePath) {","  return files.map(function(file) {","    var parts = path.dirname(file).split('/');","    parts.shift(); // Remove base directory name","    return {","      name: baseFilename(file),","      href: htmlFilename(file, basePath),","      directory: parts[parts.length-1] || './'","    };","  })","  .reduce(function(links, link) {","    if (links[link.directory] != null) {","      links[link.directory].push(link);","    } else {","      links[link.directory] = [ link ];","    }","    return links;","  }, {});","};","","var preprocess = function(file, pp, options, cb) {","  // stdin would have been nice here, but not all preprocessors (less)","  // accepts that, so we need to read the file both here and for the parser.","  // Don't process SASS partials.","  if (file.match(/(^|\\/)_.*\\.s(c|a)ss$/) != null) {","    process.nextTick(function() { cb(null, ''); });","  } else if (pp != null) {","    pp += ' ';","    pp += file;","    pp = pp.split(' ');","    pp = spawn(pp.shift(), pp);","","    pp.stderr.setEncoding('utf8');","    pp.stdout.setEncoding('utf8');","","    var stdout = '';","","    pp.on('error', function(err) {","      if (err != null && options.verbose) console.error(err.message);","    });","","    pp.on('close', function() {","      cb(null, stdout);","    });","","    pp.stderr.on('data', function(data) {","      if (data.length && options.verbose) console.error(data);","    });","","    pp.stdout.on('data', function(data) {","      stdout += data;","    });","  } else {","    fs.readFile(file, 'utf8', cb);","  }","};","","","var cli = function(options) {","","  var errorMessages = { noFiles: 'No css files found' };","  var resourcesDir = __dirname + '/share/';","","  // Filetypes and matching preprocessor binaries.","  var fileTypes = {","    '.css': null,","    '.sass': 'sass',","    '.scss': 'scss',","    '.less': 'lessc',","    '.styl': 'stylus'","  };","","  var log = options.verbose ? function(str) { console.log(str); }","                            : function() {};","","  // Custom error also outputing StyleDocco and Node versions.","  var SDError = function(msg, err) {","    this.message = msg + '\\n' + err.message + '\\n' +","      'StyleDocco v' + version +","      ' running on Node ' + process.version + ' ' + process.platform;","    if (options.verbose) {","      this.message += '\\nOptions: ' + JSON.stringify(options);","    }","  };","  util.inherits(SDError, Error);","","  mkdirp(options.out);","","  // Fetch all static resources.","  async.parallel({","    template: function(cb) {","      fs.readFile(resourcesDir + 'docs.jade', 'utf8', function(err, contents) {","        if (err != null) return cb(err);","        cb(null, jade.compile(contents));","      });","    },","    docs: function(cb) {","      async.parallel({","        css: async.apply(fs.readFile, resourcesDir + 'docs.css', 'utf8'),","        js: function(cb) {","          async.parallel([","            async.apply(fs.readFile, resourcesDir + 'docs.ui.js', 'utf8'),","            async.apply(fs.readFile, resourcesDir + 'docs.previews.js', 'utf8')","          ], function(err, res) {","            if (err != null) return cb(err);","            cb(null, res.join(''));","          });","        }","      }, cb);","    },","    // Extra JavaScript and CSS files to include in previews.","    previews: function(cb) {","      fs.readFile(resourcesDir + 'previews.js', 'utf8', function(err, js) {","        if (err != null) return cb(err);","        var code = { js: js, css: '' };","        var files = options.include.filter(function(file) {","          return inArray(['.css', '.js'], path.extname(file));","        });","        async.filter(files, fs.exists, function(files) {","          async.reduce(files, code, function(tot, cur, cb) {","            fs.readFile(cur, 'utf8', function(err, contents) {","              if (err != null) return cb(err);","              tot[path.extname(cur).slice(1)] += contents;","              cb(null, tot);","            });","          }, cb);","        });","      });","    },","    // Find input files.","    files: function(cb) {","      async.reduce(options['in'], [], function(all, cur, cb) {","        getFiles(cur, function(err, files) {","          if (err != null) return cb(err);","          cb(null, all.concat(files));","        });","      }, function(err, files) {","        if (err != null) return cb(err);","        files = files.filter(function(file) {","          // No hidden files","          if (file.match(/(\\/|^)\\.[^\\.\\/]/)) return false;","          // Only supported file types","          if (!(path.extname(file) in fileTypes)) return false;","          return true;","        }).sort();","        if (!files.length) cb(new Error(errorMessages.noFiles + ' in path \"' + options['in'] + '\"'));","        cb(null, files);","      });","    },","    // Look for a README file.","    readme: function(cb) {","      findFile(options.basePath, /^readme\\.m(ark)?d(own)?/i, function(err, file) {","        if (file != null && err == null) return read(file);","        findFile(process.cwd(), /^readme\\.m(ark)?d(own)?/i, function(err, file) {","          if (err != null) file = resourcesDir + 'README.md';","          read(file);","        });","      });","      var read = function(file) {","        fs.readFile(file, 'utf8', function(err, content) {","          if (err != null) cb(err);","          cb(null, content);","        });","      };","    }","  }, function(err, resources) {","    if (err != null) {","      if (err.message.indexOf(errorMessages.noFiles) > -1) {","        console.error(err);","        return;","      } else {","        throw new SDError('Could not process files.', err);","      }","    }","    var menu = menuLinks(resources.files, options.basePath);","    // Run files through preprocessor and StyleDocco parser.","    async.map(resources.files, function(file, cb) {","      async.parallel({","        css: async.apply(preprocess, file,","               options.preprocessor || fileTypes[path.extname(file)], options),","        docs: function(cb) {","          fs.readFile(file, 'utf8', function(err, code) {","            if (err != null) return cb(err);","            cb(null, styledocco(code));","          });","        }","      }, function(err, data) {","        if (err != null) return cb(err);","        data.path = file;","        cb(null, data);","      });","    }, function(err, files) {","      if (err != null) throw err;","      // Get the combined CSS from all files.","      var previewStyles = pluck(files, 'css').join('');","      previewStyles += resources.previews.css;","      // Build a JSON string of all files and their headings, for client side search.","      var searchIndex = flatten(files.map(function(file) {","        var arr = [ { title: baseFilename(file.path),","                      filename: basePathname(file.path, options.basePath),","                      url: htmlFilename(file.path, options.basePath) } ];","        return arr.concat(file.docs.map(function(section) {","          return { title: section.title,","                   filename: basePathname(file.path, options.basePath),","                   url: htmlFilename(file.path, options.basePath) + '#' + section.slug };","        }));","      }));","      searchIndex = 'var searchIndex=' + JSON.stringify(searchIndex) + ';';","      var processJS = function(src) { return options.minify ? minjs(src) : src; };","      var processCSS = function(src) { return options.minify ? mincss(src) : src; };","      var docsScript = '(function(){' + searchIndex + resources.docs.js + '})();';","      // Render files","      var htmlFiles = files.map(function(file) {","      var relativePath = file.path.split('/');","      relativePath.pop();","      relativePath = dirUp(options.out.split('/').length) + relativePath.join('/');","        return {","          path: file.path,","          html: resources.template({","            title: baseFilename(file.path),","            sections: file.docs,","            project: { name: options.name, menu: menu },","            resources: {","              docs: { js: processJS(docsScript), css: processCSS(resources.docs.css) },","              previews: { js: processJS(resources.previews.js), css: processCSS(urlsRelative(previewStyles, relativePath)) }","            }","          })","        };","      });","      // Add readme with \"fake\" index path.","      htmlFiles.push({","        path: path.join(options.basePath, 'index'),","        html: resources.template({","          title: '',","          sections: styledocco.makeSections([{ docs: resources.readme, code: '' }]),","          project: { name: options.name, menu: menu },","          resources: {","            docs: { js: processJS(docsScript), css: processCSS(resources.docs.css) }","          }","        })","      });","      // Write files to the output dir.","      htmlFiles.forEach(function(file) {","        var dest = path.join(options.out, htmlFilename(file.path, options.basePath));","        log('styledocco: writing ' + file.path + ' -> ' + dest);","        fs.writeFileSync(dest, file.html);","      });","    });","  });","};","","module.exports = cli;","module.exports.htmlFilename = htmlFilename;","module.exports.menuLinks = menuLinks;","module.exports.urlsRelative = urlsRelative;","module.exports.preprocess = preprocess;","module.exports.getFiles = getFiles;",""],"l":{"3":1,"4":1,"5":1,"6":1,"7":1,"8":1,"9":1,"10":1,"11":1,"12":1,"13":1,"15":1,"17":1,"19":1,"22":1,"23":1,"24":1,"25":0,"28":1,"29":0,"32":1,"33":0,"34":0,"37":1,"38":1,"39":1,"41":1,"42":0,"43":0,"44":0,"45":0,"47":0,"51":1,"52":0,"53":0,"54":0,"55":0,"57":0,"61":1,"62":0,"65":1,"66":0,"73":1,"74":0,"81":1,"82":0,"83":0,"84":0,"85":0,"86":0,"91":1,"92":0,"93":0,"94":0,"95":0,"97":0,"98":0,"99":0,"100":0,"106":1,"107":0,"108":0,"109":0,"110":0,"117":0,"118":0,"120":0,"122":0,"126":1,"130":0,"131":0,"132":0,"133":0,"134":0,"135":0,"136":0,"138":0,"139":0,"141":0,"143":0,"144":0,"147":0,"148":0,"151":0,"152":0,"155":0,"156":0,"159":0,"164":1,"166":0,"167":0,"170":0,"178":0,"182":0,"183":0,"186":0,"187":0,"190":0,"192":0,"195":0,"197":0,"198":0,"199":0,"203":0,"206":0,"210":0,"211":0,"218":0,"219":0,"220":0,"221":0,"222":0,"224":0,"225":0,"226":0,"227":0,"228":0,"229":0,"237":0,"238":0,"239":0,"240":0,"243":0,"244":0,"246":0,"248":0,"249":0,"251":0,"252":0,"257":0,"258":0,"259":0,"260":0,"261":0,"264":0,"265":0,"266":0,"267":0,"272":0,"273":0,"274":0,"275":0,"277":0,"280":0,"282":0,"283":0,"287":0,"288":0,"289":0,"293":0,"294":0,"295":0,"298":0,"300":0,"301":0,"303":0,"304":0,"307":0,"308":0,"313":0,"314":0,"315":0,"316":0,"318":0,"319":0,"320":0,"321":0,"322":0,"336":0,"348":0,"349":0,"350":0,"351":0,"357":1,"358":1,"359":1,"360":1,"361":1,"362":1}},"/home/travis/build/npmtest/node-npmtest-styledocco/node_modules/styledocco/share/previews.js":{"path":"/home/travis/build/npmtest/node-npmtest-styledocco/node_modules/styledocco/share/previews.js","s":{"1":2,"2":2,"3":0,"4":2,"5":0,"6":0,"7":0,"8":0,"9":0,"10":0,"11":0,"12":0,"13":0,"14":0,"15":0,"16":0,"17":0,"18":0,"19":0,"20":0,"21":0,"22":0,"23":0,"24":0,"25":0,"26":0,"27":0,"28":0,"29":0,"30":0,"31":0,"32":0,"33":0,"34":0},"b":{"1":[0,0],"2":[0,0],"3":[0,0],"4":[0,0],"5":[0,0]},"f":{"1":2,"2":0,"3":0,"4":0,"5":0,"6":0,"7":0,"8":0,"9":0},"fnMap":{"1":{"name":"(anonymous_1)","line":3,"loc":{"start":{"line":3,"column":1},"end":{"line":3,"column":13}}},"2":{"name":"(anonymous_2)","line":9,"loc":{"start":{"line":9,"column":14},"end":{"line":9,"column":28}}},"3":{"name":"(anonymous_3)","line":21,"loc":{"start":{"line":21,"column":7},"end":{"line":21,"column":20}}},"4":{"name":"(anonymous_4)","line":23,"loc":{"start":{"line":23,"column":14},"end":{"line":23,"column":29}}},"5":{"name":"(anonymous_5)","line":27,"loc":{"start":{"line":27,"column":11},"end":{"line":27,"column":26}}},"6":{"name":"(anonymous_6)","line":46,"loc":{"start":{"line":46,"column":24},"end":{"line":46,"column":35}}},"7":{"name":"(anonymous_7)","line":48,"loc":{"start":{"line":48,"column":9},"end":{"line":48,"column":20}}},"8":{"name":"(anonymous_8)","line":63,"loc":{"start":{"line":63,"column":13},"end":{"line":63,"column":24}}},"9":{"name":"(anonymous_9)","line":67,"loc":{"start":{"line":67,"column":35},"end":{"line":67,"column":49}}}},"statementMap":{"1":{"start":{"line":3,"column":0},"end":{"line":72,"column":5}},"2":{"start":{"line":9,"column":0},"end":{"line":9,"column":72}},"3":{"start":{"line":9,"column":30},"end":{"line":9,"column":69}},"4":{"start":{"line":11,"column":0},"end":{"line":11,"column":54}},"5":{"start":{"line":17,"column":0},"end":{"line":18,"column":51}},"6":{"start":{"line":19,"column":0},"end":{"line":19,"column":68}},"7":{"start":{"line":20,"column":0},"end":{"line":33,"column":12}},"8":{"start":{"line":22,"column":4},"end":{"line":31,"column":16}},"9":{"start":{"line":25,"column":8},"end":{"line":25,"column":70}},"10":{"start":{"line":29,"column":8},"end":{"line":29,"column":58}},"11":{"start":{"line":34,"column":0},"end":{"line":40,"column":1}},"12":{"start":{"line":36,"column":2},"end":{"line":36,"column":48}},"13":{"start":{"line":37,"column":2},"end":{"line":37,"column":45}},"14":{"start":{"line":38,"column":2},"end":{"line":38,"column":61}},"15":{"start":{"line":39,"column":2},"end":{"line":39,"column":58}},"16":{"start":{"line":46,"column":0},"end":{"line":60,"column":5}},"17":{"start":{"line":47,"column":2},"end":{"line":47,"column":56}},"18":{"start":{"line":48,"column":2},"end":{"line":59,"column":4}},"19":{"start":{"line":49,"column":4},"end":{"line":49,"column":67}},"20":{"start":{"line":49,"column":40},"end":{"line":49,"column":67}},"21":{"start":{"line":50,"column":4},"end":{"line":50,"column":47}},"22":{"start":{"line":51,"column":4},"end":{"line":51,"column":23}},"23":{"start":{"line":52,"column":4},"end":{"line":55,"column":5}},"24":{"start":{"line":53,"column":6},"end":{"line":54,"column":91}},"25":{"start":{"line":56,"column":4},"end":{"line":56,"column":49}},"26":{"start":{"line":57,"column":4},"end":{"line":57,"column":73}},"27":{"start":{"line":58,"column":4},"end":{"line":58,"column":49}},"28":{"start":{"line":62,"column":0},"end":{"line":66,"column":2}},"29":{"start":{"line":64,"column":4},"end":{"line":64,"column":67}},"30":{"start":{"line":67,"column":0},"end":{"line":70,"column":10}},"31":{"start":{"line":68,"column":2},"end":{"line":68,"column":30}},"32":{"start":{"line":68,"column":23},"end":{"line":68,"column":30}},"33":{"start":{"line":69,"column":2},"end":{"line":69,"column":56}},"34":{"start":{"line":69,"column":35},"end":{"line":69,"column":56}}},"branchMap":{"1":{"line":25,"type":"binary-expr","locations":[{"start":{"line":25,"column":15},"end":{"line":25,"column":32}},{"start":{"line":25,"column":36},"end":{"line":25,"column":69}}]},"2":{"line":34,"type":"if","locations":[{"start":{"line":34,"column":0},"end":{"line":34,"column":0}},{"start":{"line":34,"column":0},"end":{"line":34,"column":0}}]},"3":{"line":49,"type":"if","locations":[{"start":{"line":49,"column":4},"end":{"line":49,"column":4}},{"start":{"line":49,"column":4},"end":{"line":49,"column":4}}]},"4":{"line":68,"type":"if","locations":[{"start":{"line":68,"column":2},"end":{"line":68,"column":2}},{"start":{"line":68,"column":2},"end":{"line":68,"column":2}}]},"5":{"line":69,"type":"if","locations":[{"start":{"line":69,"column":2},"end":{"line":69,"column":2}},{"start":{"line":69,"column":2},"end":{"line":69,"column":2}}]}},"code":["// StyleDocco JavaScript for preview iframes","// =========================================","(function () {","","'use strict';","","// Helper functions","// ================","var toArray = function(obj) { return Array.prototype.slice.call(obj); };","","var bodyEl = document.getElementsByTagName('body')[0];","","// Pseudo classes","// ==============","// Scans your stylesheet for pseudo classes and adds a class with the same name.","// Compile regular expression.","var pseudos = [ 'link', 'visited', 'hover', 'active', 'focus', 'target',","                'enabled', 'disabled', 'checked' ];","var pseudoRe = new RegExp(\":((\" + pseudos.join(\")|(\") + \"))\", \"gi\");","var processedPseudoClasses = toArray(document.styleSheets)","  .map(function(ss) {","    return toArray(ss.cssRules)","      .filter(function(rule) {","        // Keep only rules with pseudo classes.","        return rule.selectorText && rule.selectorText.match(pseudoRe);","      })","      .map(function(rule) {","        // Replace : with . and encoded :","        return rule.cssText.replace(pseudoRe, \".\\\\3A $1\");","      })","      .join('');","  })","  .join('');","if (processedPseudoClasses.length) {","  // Add a new style element with the processed pseudo class styles.","  var styleEl = document.createElement('style');","  styleEl.innerText = processedPseudoClasses;","  var oldStyleEl = document.getElementsByTagName('style')[0];","  oldStyleEl.parentNode.insertBefore(styleEl, oldStyleEl);","}","","// Resizing","// ========","// Get bottom-most point in document with an element.","// `offsetHeight`/`scrollHeight` will not work with absolute or fixed elements.","var getContentHeight = (function() {","  var bodyStyle = window.getComputedStyle(bodyEl, null);","  return function() {","    if (bodyEl.childElementCount === 0) return bodyEl.offsetHeight;","    var els = bodyEl.getElementsByTagName('*');","    var elHeights = [];","    for (var i = 0, l = els.length; i < l; i++) {","      elHeights.push(els[i].offsetTop + els[i].offsetHeight +","        parseInt(window.getComputedStyle(els[i], null).getPropertyValue('margin-bottom')));","    }","    var height = Math.max.apply(Math, elHeights);","    height += parseInt(bodyStyle.getPropertyValue('padding-bottom'), 10);","    return Math.max(height, bodyEl.offsetHeight);","  };","})();","","var callbacks = {","  getHeight: function() {","    window.parent.postMessage({ height: getContentHeight() }, '*');","  }","};","window.addEventListener('message', function (ev) {","  if (ev.data == null) return;","  if (typeof ev.data === 'string') callbacks[ev.data]();","}, false);","","}());",""],"l":{"3":2,"9":2,"11":2,"17":0,"19":0,"20":0,"22":0,"25":0,"29":0,"34":0,"36":0,"37":0,"38":0,"39":0,"46":0,"47":0,"48":0,"49":0,"50":0,"51":0,"52":0,"53":0,"56":0,"57":0,"58":0,"62":0,"64":0,"67":0,"68":0,"69":0}}}